Log file open, 07/06/19 17:34:08
LogWindows: Failed to load 'aqProf.dll' (GetLastError=126)
LogWindows: File 'aqProf.dll' does not exist
LogWindows: Failed to load 'VtuneApi.dll' (GetLastError=126)
LogWindows: File 'VtuneApi.dll' does not exist
LogWindows: Failed to load 'VtuneApi32e.dll' (GetLastError=126)
LogWindows: File 'VtuneApi32e.dll' does not exist
LogConsoleResponse: Display: Failed to find resolution value strings in scalability ini. Falling back to default.
LogInit: Display: Running engine for game: CasaRV_CFE
LogPakFile: Registered encryption key '00000000000000000000000000000000': 0 pak files mounted, 0 remain pending
LogPlatformFile: Not using cached read wrapper
LogTaskGraph: Started task graph with 5 named threads and 14 total threads with 3 sets of task threads.
LogStats: Stats thread started at 0.294334
LogD3D11RHI: Loaded GFSDK_Aftermath_Lib.x64.dll
LogICUInternationalization: ICU TimeZone Detection - Raw Offset: -6:00, Platform Override: ''
LogPluginManager: Mounting plugin Paper2D
LogPluginManager: Mounting plugin AISupport
LogPluginManager: Mounting plugin LightPropagationVolume
LogPluginManager: Mounting plugin ActorLayerUtilities
LogPluginManager: Mounting plugin CLionSourceCodeAccess
LogPluginManager: Mounting plugin CodeLiteSourceCodeAccess
LogPluginManager: Mounting plugin GitSourceControl
LogPluginManager: Mounting plugin KDevelopSourceCodeAccess
LogPluginManager: Mounting plugin NullSourceCodeAccess
LogPluginManager: Mounting plugin PerforceSourceControl
LogPluginManager: Mounting plugin SubversionSourceControl
LogPluginManager: Mounting plugin UObjectPlugin
LogPluginManager: Mounting plugin VisualStudioCodeSourceCodeAccess
LogPluginManager: Mounting plugin VisualStudioSourceCodeAccess
LogPluginManager: Mounting plugin XCodeSourceCodeAccess
LogPluginManager: Mounting plugin AssetManagerEditor
LogPluginManager: Mounting plugin CryptoKeys
LogPluginManager: Mounting plugin DataValidation
LogPluginManager: Mounting plugin FacialAnimation
LogPluginManager: Mounting plugin GameplayTagsEditor
LogPluginManager: Mounting plugin MacGraphicsSwitching
LogPluginManager: Mounting plugin MeshEditor
LogPluginManager: Mounting plugin MobileLauncherProfileWizard
LogPluginManager: Mounting plugin PluginBrowser
LogPluginManager: Mounting plugin SpeedTreeImporter
LogPluginManager: Mounting plugin DatasmithContent
LogPluginManager: Mounting plugin VariantManagerContent
LogPluginManager: Mounting plugin AlembicImporter
LogPluginManager: Mounting plugin AppleImageUtils
LogPluginManager: Mounting plugin AppleVision
LogPluginManager: Mounting plugin BackChannel
LogPluginManager: Mounting plugin CharacterAI
LogPluginManager: Mounting plugin GeometryCache
LogPluginManager: Mounting plugin HTML5Networking
LogPluginManager: Mounting plugin ProxyLODPlugin
LogPluginManager: Mounting plugin MagicLeap
LogPluginManager: Mounting plugin MagicLeapMedia
LogPluginManager: Mounting plugin AndroidMedia
LogPluginManager: Mounting plugin AvfMedia
LogPluginManager: Mounting plugin ImgMedia
LogPluginManager: Mounting plugin LinearTimecode
LogPluginManager: Mounting plugin MediaCompositing
LogPluginManager: Mounting plugin MediaPlayerEditor
LogPluginManager: Mounting plugin WebMMedia
LogPluginManager: Mounting plugin WmfMedia
LogPluginManager: Mounting plugin TcpMessaging
LogPluginManager: Mounting plugin UdpMessaging
LogPluginManager: Mounting plugin ActorSequence
LogPluginManager: Mounting plugin LevelSequenceEditor
LogPluginManager: Mounting plugin MatineeToLevelSequence
LogPluginManager: Mounting plugin NetcodeUnitTest
LogPluginManager: Mounting plugin NUTUnrealEngine4
LogPluginManager: Mounting plugin OnlineSubsystemGooglePlay
LogPluginManager: Mounting plugin OnlineSubsystemIOS
LogPluginManager: Mounting plugin OnlineSubsystem
LogPluginManager: Mounting plugin OnlineSubsystemNull
LogPluginManager: Mounting plugin OnlineSubsystemUtils
LogPluginManager: Mounting plugin LauncherChunkInstaller
LogPluginManager: Mounting plugin AndroidDeviceProfileSelector
LogPluginManager: Mounting plugin AndroidMoviePlayer
LogPluginManager: Mounting plugin AndroidPermission
LogPluginManager: Mounting plugin AppleMoviePlayer
LogPluginManager: Mounting plugin ArchVisCharacter
LogPluginManager: Mounting plugin AudioCapture
LogPluginManager: Mounting plugin CableComponent
LogPluginManager: Mounting plugin CustomMeshComponent
LogPluginManager: Mounting plugin EditableMesh
LogPluginManager: Mounting plugin ExampleDeviceProfileSelector
LogPluginManager: Mounting plugin Firebase
LogPluginManager: Mounting plugin GoogleCloudMessaging
LogPluginManager: Mounting plugin IOSDeviceProfileSelector
LogPluginManager: Mounting plugin LinuxDeviceProfileSelector
LogPluginManager: Mounting plugin LocationServicesBPLibrary
LogPluginManager: Mounting plugin MobilePatchingUtils
LogPluginManager: Mounting plugin OculusVR
LogPluginManager: Mounting plugin PhysXVehicles
LogPluginManager: Mounting plugin ProceduralMeshComponent
LogPluginManager: Mounting plugin RuntimePhysXCooking
LogPluginManager: Mounting plugin SteamVR
LogPluginManager: Mounting plugin WebMMoviePlayer
LogPluginManager: Mounting plugin WindowsMoviePlayer
LogStreaming: Display: Took  0.176s to configure plugins.
LogInit: Using libcurl 7.55.1-DEV
LogInit:  - built for x86_64-pc-win32
LogInit:  - supports SSL with OpenSSL/1.0.2h
LogInit:  - supports HTTP deflate (compression) using libz 1.2.8
LogInit:  - other features:
LogInit:      CURL_VERSION_SSL
LogInit:      CURL_VERSION_LIBZ
LogInit:      CURL_VERSION_IPV6
LogInit:      CURL_VERSION_ASYNCHDNS
LogInit:      CURL_VERSION_LARGEFILE
LogInit:      CURL_VERSION_IDN
LogInit:  CurlRequestOptions (configurable via config and command line):
LogInit:  - bVerifyPeer = true  - Libcurl will verify peer certificate
LogInit:  - bUseHttpProxy = false  - Libcurl will NOT use HTTP proxy
LogInit:  - bDontReuseConnections = false  - Libcurl will reuse connections
LogInit:  - MaxHostConnections = 16  - Libcurl will limit the number of connections to a host
LogInit:  - LocalHostAddr = Default
LogInit:  - BufferSize = 65536
LogInit: WinSock: version 1.1 (2.2), MaxSocks=32767, MaxUdp=65467
LogInit: Build: ++UE4+Release-4.21-CL-4753647
LogInit: Engine Version: 4.21.2-4753647+++UE4+Release-4.21
LogInit: Compatible Engine Version: 4.21.0-4541578+++UE4+Release-4.21
LogInit: Net CL: 4541578
LogInit: OS: Windows 10 (), CPU: AMD A10-8700P Radeon R6, 10 Compute Cores 4C+6G, GPU: AMD Radeon(TM) R6 Graphics
LogInit: Compiled (64-bit): Jan 19 2019 02:07:31
LogInit: Compiled with Visual C++: 19.13.26129.00
LogInit: Build Configuration: Development
LogInit: Branch Name: ++UE4+Release-4.21
LogInit: Command Line: 
LogInit: Base Directory: C:/Program Files/Epic Games/UE_4.21/Engine/Binaries/Win64/
LogInit: Installed Engine Build: 1
LogDevObjectVersion: Number of dev versions registered: 22
LogDevObjectVersion:   Dev-Blueprints (B0D832E4-1F89-4F0D-ACCF-7EB736FD4AA2): 10
LogDevObjectVersion:   Dev-Build (E1C64328-A22C-4D53-A36C-8E866417BD8C): 0
LogDevObjectVersion:   Dev-Core (375EC13C-06E4-48FB-B500-84F0262A717E): 2
LogDevObjectVersion:   Dev-Editor (E4B068ED-F494-42E9-A231-DA0B2E46BB41): 26
LogDevObjectVersion:   Dev-Framework (CFFC743F-43B0-4480-9391-14DF171D2073): 34
LogDevObjectVersion:   Dev-Mobile (B02B49B5-BB20-44E9-A304-32B752E40360): 2
LogDevObjectVersion:   Dev-Networking (A4E4105C-59A1-49B5-A7C5-40C4547EDFEE): 0
LogDevObjectVersion:   Dev-Online (39C831C9-5AE6-47DC-9A44-9C173E1C8E7C): 0
LogDevObjectVersion:   Dev-Physics (78F01B33-EBEA-4F98-B9B4-84EACCB95AA2): 0
LogDevObjectVersion:   Dev-Platform (6631380F-2D4D-43E0-8009-CF276956A95A): 0
LogDevObjectVersion:   Dev-Rendering (12F88B9F-8875-4AFC-A67C-D90C383ABD29): 27
LogDevObjectVersion:   Dev-Sequencer (7B5AE74C-D270-4C10-A958-57980B212A5A): 9
LogDevObjectVersion:   Dev-VR (D7296918-1DD6-4BDD-9DE2-64A83CC13884): 2
LogDevObjectVersion:   Dev-LoadTimes (C2A15278-BFE7-4AFE-6C17-90FF531DF755): 1
LogDevObjectVersion:   Private-Geometry (6EACA3D4-40EC-4CC1-B786-8BED09428FC5): 3
LogDevObjectVersion:   Dev-AnimPhys (29E575DD-E0A3-4627-9D10-D276232CDCEA): 17
LogDevObjectVersion:   Dev-Anim (AF43A65D-7FD3-4947-9873-3E8ED9C1BB05): 2
LogDevObjectVersion:   Dev-ReflectionCapture (6B266CEC-1EC7-4B8F-A30B-E4D90942FC07): 1
LogDevObjectVersion:   Dev-Automation (0DF73D61-A23F-47EA-B727-89E90C41499A): 1
LogDevObjectVersion:   FortniteMain (601D1886-AC64-4F84-AA16-D3DE0DEAC7D6): 17
LogDevObjectVersion:   Dev-Enterprise (9DFFBCD6-494F-0158-E221-12823C92A888): 4
LogDevObjectVersion:   Dev-Niagara (F2AED0AC-9AFE-416F-8664-AA7FFA26D6FC): 1
LogStreaming: Display: Took  0.006s to delete old logs.
LogInit: Presizing for max 8388607 objects, including 0 objects not considered by GC, pre-allocating 0 bytes for permanent pool.
LogInit: Object subsystem initialized
LogConfig: Setting CVar [[con.DebugEarlyDefault:1]]
LogConfig: Setting CVar [[r.setres:1280x720]]
[2019.07.06-22.34.09:460][  0]LogConfig: Setting CVar [[r.VSync:0]]
[2019.07.06-22.34.09:460][  0]LogConfig: Setting CVar [[r.RHICmdBypass:0]]
[2019.07.06-22.34.09:461][  0]LogConfig: Applying CVar settings from Section [/Script/Engine.RendererSettings] File [C:/Users/Samuel/Documents/GitHub/CFE_CasaRV/CasaCFE/Saved/Config/Windows/Engine.ini]
[2019.07.06-22.34.09:461][  0]LogConfig: Setting CVar [[r.GPUCrashDebugging:0]]
[2019.07.06-22.34.09:461][  0]LogConfig: Setting CVar [[r.DefaultFeature.AmbientOcclusion:0]]
[2019.07.06-22.34.09:461][  0]LogConfig: Setting CVar [[r.DefaultFeature.AmbientOcclusionStaticFraction:0]]
[2019.07.06-22.34.09:461][  0]LogConfig: Setting CVar [[vr.InstancedStereo:1]]
[2019.07.06-22.34.09:461][  0]LogConfig: Setting CVar [[r.SeparateTranslucency:0]]
[2019.07.06-22.34.09:461][  0]LogConfig: Setting CVar [[r.HZBOcclusion:0]]
[2019.07.06-22.34.09:461][  0]LogConfig: Setting CVar [[r.SSR.MaxRoughness:0]]
[2019.07.06-22.34.09:461][  0]LogConfig: Setting CVar [[r.rhicmdbypass:0]]
[2019.07.06-22.34.09:461][  0]LogConfig: Applying CVar settings from Section [/Script/Engine.RendererOverrideSettings] File [C:/Users/Samuel/Documents/GitHub/CFE_CasaRV/CasaCFE/Saved/Config/Windows/Engine.ini]
[2019.07.06-22.34.09:461][  0]LogConfig: Applying CVar settings from Section [/Script/Engine.StreamingSettings] File [C:/Users/Samuel/Documents/GitHub/CFE_CasaRV/CasaCFE/Saved/Config/Windows/Engine.ini]
[2019.07.06-22.34.09:461][  0]LogConfig: Setting CVar [[s.MinBulkDataSizeForAsyncLoading:131072]]
[2019.07.06-22.34.09:461][  0]LogConfig: Setting CVar [[s.AsyncLoadingThreadEnabled:0]]
[2019.07.06-22.34.09:461][  0]LogConfig: Setting CVar [[s.EventDrivenLoaderEnabled:1]]
[2019.07.06-22.34.09:461][  0]LogConfig: Setting CVar [[s.WarnIfTimeLimitExceeded:0]]
[2019.07.06-22.34.09:461][  0]LogConfig: Setting CVar [[s.TimeLimitExceededMultiplier:1.5]]
[2019.07.06-22.34.09:461][  0]LogConfig: Setting CVar [[s.TimeLimitExceededMinTime:0.005]]
[2019.07.06-22.34.09:461][  0]LogConfig: Setting CVar [[s.UseBackgroundLevelStreaming:1]]
[2019.07.06-22.34.09:461][  0]LogConfig: Setting CVar [[s.PriorityAsyncLoadingExtraTime:15.0]]
[2019.07.06-22.34.09:461][  0]LogConfig: Setting CVar [[s.LevelStreamingActorsUpdateTimeLimit:5.0]]
[2019.07.06-22.34.09:461][  0]LogConfig: Setting CVar [[s.PriorityLevelStreamingActorsUpdateExtraTime:5.0]]
[2019.07.06-22.34.09:461][  0]LogConfig: Setting CVar [[s.LevelStreamingComponentsRegistrationGranularity:10]]
[2019.07.06-22.34.09:461][  0]LogConfig: Setting CVar [[s.UnregisterComponentsTimeLimit:1.0]]
[2019.07.06-22.34.09:461][  0]LogConfig: Setting CVar [[s.LevelStreamingComponentsUnregistrationGranularity:5]]
[2019.07.06-22.34.09:461][  0]LogConfig: Applying CVar settings from Section [/Script/Engine.GarbageCollectionSettings] File [C:/Users/Samuel/Documents/GitHub/CFE_CasaRV/CasaCFE/Saved/Config/Windows/Engine.ini]
[2019.07.06-22.34.09:461][  0]LogConfig: Setting CVar [[gc.MaxObjectsNotConsideredByGC:1]]
[2019.07.06-22.34.09:461][  0]LogConfig: Setting CVar [[gc.SizeOfPermanentObjectPool:0]]
[2019.07.06-22.34.09:461][  0]LogConfig: Setting CVar [[gc.FlushStreamingOnGC:0]]
[2019.07.06-22.34.09:461][  0]LogConfig: Setting CVar [[gc.NumRetriesBeforeForcingGC:10]]
[2019.07.06-22.34.09:461][  0]LogConfig: Setting CVar [[gc.AllowParallelGC:1]]
[2019.07.06-22.34.09:461][  0]LogConfig: Setting CVar [[gc.TimeBetweenPurgingPendingKillObjects:61.1]]
[2019.07.06-22.34.09:461][  0]LogConfig: Setting CVar [[gc.MaxObjectsInEditor:8388607]]
[2019.07.06-22.34.09:461][  0]LogConfig: Setting CVar [[gc.IncrementalBeginDestroyEnabled:1]]
[2019.07.06-22.34.09:461][  0]LogConfig: Setting CVar [[gc.CreateGCClusters:1]]
[2019.07.06-22.34.09:461][  0]LogConfig: Setting CVar [[gc.MergeGCClusters:0]]
[2019.07.06-22.34.09:461][  0]LogConfig: Setting CVar [[gc.MinGCClusterSize:5]]
[2019.07.06-22.34.09:462][  0]LogConfig: Setting CVar [[gc.ActorClusteringEnabled:0]]
[2019.07.06-22.34.09:462][  0]LogConfig: Setting CVar [[gc.BlueprintClusteringEnabled:0]]
[2019.07.06-22.34.09:462][  0]LogConfig: Setting CVar [[gc.UseDisregardForGCOnDedicatedServers:0]]
[2019.07.06-22.34.09:462][  0]LogConfig: Applying CVar settings from Section [/Script/Engine.NetworkSettings] File [C:/Users/Samuel/Documents/GitHub/CFE_CasaRV/CasaCFE/Saved/Config/Windows/Engine.ini]
[2019.07.06-22.34.09:462][  0]LogConfig: Applying CVar settings from Section [/Script/UnrealEd.CookerSettings] File [C:/Users/Samuel/Documents/GitHub/CFE_CasaRV/CasaCFE/Saved/Config/Windows/Engine.ini]
[2019.07.06-22.34.09:467][  0]LogConfig: Applying CVar settings from Section [ViewDistanceQuality@3] File [C:/Users/Samuel/Documents/GitHub/CFE_CasaRV/CasaCFE/Saved/Config/Windows/Scalability.ini]
[2019.07.06-22.34.09:467][  0]LogConfig: Setting CVar [[r.SkeletalMeshLODBias:0]]
[2019.07.06-22.34.09:467][  0]LogConfig: Setting CVar [[r.ViewDistanceScale:1.0]]
[2019.07.06-22.34.09:467][  0]LogConfig: Applying CVar settings from Section [AntiAliasingQuality@3] File [C:/Users/Samuel/Documents/GitHub/CFE_CasaRV/CasaCFE/Saved/Config/Windows/Scalability.ini]
[2019.07.06-22.34.09:467][  0]LogConfig: Setting CVar [[r.PostProcessAAQuality:3]]
[2019.07.06-22.34.09:467][  0]LogConfig: Applying CVar settings from Section [ShadowQuality@3] File [C:/Users/Samuel/Documents/GitHub/CFE_CasaRV/CasaCFE/Saved/Config/Windows/Scalability.ini]
[2019.07.06-22.34.09:467][  0]LogConfig: Setting CVar [[r.LightFunctionQuality:1]]
[2019.07.06-22.34.09:467][  0]LogConfig: Setting CVar [[r.ShadowQuality:5]]
[2019.07.06-22.34.09:467][  0]LogConfig: Setting CVar [[r.Shadow.CSM.MaxCascades:10]]
[2019.07.06-22.34.09:467][  0]LogConfig: Setting CVar [[r.Shadow.MaxResolution:2048]]
[2019.07.06-22.34.09:467][  0]LogConfig: Setting CVar [[r.Shadow.MaxCSMResolution:2048]]
[2019.07.06-22.34.09:467][  0]LogConfig: Setting CVar [[r.Shadow.RadiusThreshold:0.01]]
[2019.07.06-22.34.09:468][  0]LogConfig: Setting CVar [[r.Shadow.DistanceScale:1.0]]
[2019.07.06-22.34.09:468][  0]LogConfig: Setting CVar [[r.Shadow.CSM.TransitionScale:1.0]]
[2019.07.06-22.34.09:468][  0]LogConfig: Setting CVar [[r.Shadow.PreShadowResolutionFactor:1.0]]
[2019.07.06-22.34.09:468][  0]LogConfig: Setting CVar [[r.DistanceFieldShadowing:1]]
[2019.07.06-22.34.09:468][  0]LogConfig: Setting CVar [[r.DistanceFieldAO:1]]
[2019.07.06-22.34.09:468][  0]LogConfig: Setting CVar [[r.AOQuality:2]]
[2019.07.06-22.34.09:468][  0]LogConfig: Setting CVar [[r.VolumetricFog:1]]
[2019.07.06-22.34.09:468][  0]LogConfig: Setting CVar [[r.VolumetricFog.GridPixelSize:8]]
[2019.07.06-22.34.09:468][  0]LogConfig: Setting CVar [[r.VolumetricFog.GridSizeZ:128]]
[2019.07.06-22.34.09:468][  0]LogConfig: Setting CVar [[r.VolumetricFog.HistoryMissSupersampleCount:4]]
[2019.07.06-22.34.09:468][  0]LogConfig: Setting CVar [[r.LightMaxDrawDistanceScale:1]]
[2019.07.06-22.34.09:468][  0]LogConfig: Setting CVar [[r.CapsuleShadows:1]]
[2019.07.06-22.34.09:468][  0]LogConfig: Applying CVar settings from Section [PostProcessQuality@3] File [C:/Users/Samuel/Documents/GitHub/CFE_CasaRV/CasaCFE/Saved/Config/Windows/Scalability.ini]
[2019.07.06-22.34.09:468][  0]LogConfig: Setting CVar [[r.MotionBlurQuality:0]]
[2019.07.06-22.34.09:468][  0]LogConfig: Setting CVar [[r.AmbientOcclusionMipLevelFactor:0.4]]
[2019.07.06-22.34.09:468][  0]LogConfig: Setting CVar [[r.AmbientOcclusionMaxQuality:100]]
[2019.07.06-22.34.09:468][  0]LogConfig: Setting CVar [[r.AmbientOcclusionLevels:0]]
[2019.07.06-22.34.09:468][  0]LogConfig: Setting CVar [[r.AmbientOcclusionRadiusScale:1.0]]
[2019.07.06-22.34.09:468][  0]LogConfig: Setting CVar [[r.DepthOfFieldQuality:0]]
[2019.07.06-22.34.09:468][  0]LogConfig: Setting CVar [[r.RenderTargetPoolMin:400]]
[2019.07.06-22.34.09:468][  0]LogConfig: Setting CVar [[r.LensFlareQuality:0]]
[2019.07.06-22.34.09:468][  0]LogConfig: Setting CVar [[r.SceneColorFringeQuality:0]]
[2019.07.06-22.34.09:468][  0]LogConfig: Setting CVar [[r.EyeAdaptationQuality:2]]
[2019.07.06-22.34.09:468][  0]LogConfig: Setting CVar [[r.BloomQuality:1]]
[2019.07.06-22.34.09:468][  0]LogConfig: Setting CVar [[r.FastBlurThreshold:0]]
[2019.07.06-22.34.09:468][  0]LogConfig: Setting CVar [[r.Upscale.Quality:3]]
[2019.07.06-22.34.09:468][  0]LogConfig: Setting CVar [[r.Tonemapper.GrainQuantization:1]]
[2019.07.06-22.34.09:468][  0]LogConfig: Setting CVar [[r.LightShaftQuality:1]]
[2019.07.06-22.34.09:468][  0]LogConfig: Setting CVar [[r.Filter.SizeScale:1]]
[2019.07.06-22.34.09:468][  0]LogConfig: Setting CVar [[r.Tonemapper.Quality:5]]
[2019.07.06-22.34.09:468][  0]LogConfig: Setting CVar [[r.DOF.Gather.AccumulatorQuality:1        ; higher gathering accumulator quality]]
[2019.07.06-22.34.09:468][  0]LogConfig: Setting CVar [[r.DOF.Gather.PostfilterMethod:1          ; Median3x3 postfilering method]]
[2019.07.06-22.34.09:468][  0]LogConfig: Setting CVar [[r.DOF.Gather.EnableBokehSettings:0       ; no bokeh simulation when gathering]]
[2019.07.06-22.34.09:468][  0]LogConfig: Setting CVar [[r.DOF.Gather.RingCount:4                 ; medium number of samples when gathering]]
[2019.07.06-22.34.09:468][  0]LogConfig: Setting CVar [[r.DOF.Scatter.ForegroundCompositing:1    ; additive foreground scattering]]
[2019.07.06-22.34.09:468][  0]LogConfig: Setting CVar [[r.DOF.Scatter.BackgroundCompositing:2    ; additive background scattering]]
[2019.07.06-22.34.09:469][  0]LogConfig: Setting CVar [[r.DOF.Scatter.EnableBokehSettings:1      ; bokeh simulation when scattering]]
[2019.07.06-22.34.09:469][  0]LogConfig: Setting CVar [[r.DOF.Scatter.MaxSpriteRatio:0.1         ; only a maximum of 10% of scattered bokeh]]
[2019.07.06-22.34.09:469][  0]LogConfig: Setting CVar [[r.DOF.Recombine.Quality:1                ; cheap slight out of focus]]
[2019.07.06-22.34.09:469][  0]LogConfig: Setting CVar [[r.DOF.Recombine.EnableBokehSettings:0    ; no bokeh simulation on slight out of focus]]
[2019.07.06-22.34.09:469][  0]LogConfig: Setting CVar [[r.DOF.TemporalAAQuality:1                ; more stable temporal accumulation]]
[2019.07.06-22.34.09:469][  0]LogConfig: Setting CVar [[r.DOF.Kernel.MaxForegroundRadius:0.025]]
[2019.07.06-22.34.09:469][  0]LogConfig: Setting CVar [[r.DOF.Kernel.MaxBackgroundRadius:0.025]]
[2019.07.06-22.34.09:469][  0]LogConfig: Applying CVar settings from Section [TextureQuality@3] File [C:/Users/Samuel/Documents/GitHub/CFE_CasaRV/CasaCFE/Saved/Config/Windows/Scalability.ini]
[2019.07.06-22.34.09:469][  0]LogConfig: Setting CVar [[r.Streaming.MipBias:0]]
[2019.07.06-22.34.09:469][  0]LogConfig: Setting CVar [[r.Streaming.AmortizeCPUToGPUCopy:0]]
[2019.07.06-22.34.09:469][  0]LogConfig: Setting CVar [[r.Streaming.MaxNumTexturesToStreamPerFrame:0]]
[2019.07.06-22.34.09:469][  0]LogConfig: Setting CVar [[r.Streaming.Boost:1]]
[2019.07.06-22.34.09:469][  0]LogConfig: Setting CVar [[r.MaxAnisotropy:8]]
[2019.07.06-22.34.09:469][  0]LogConfig: Setting CVar [[r.Streaming.LimitPoolSizeToVRAM:0]]
[2019.07.06-22.34.09:469][  0]LogConfig: Setting CVar [[r.Streaming.PoolSize:1000]]
[2019.07.06-22.34.09:469][  0]LogConfig: Setting CVar [[r.Streaming.MaxEffectiveScreenSize:0]]
[2019.07.06-22.34.09:469][  0]LogConfig: Applying CVar settings from Section [EffectsQuality@3] File [C:/Users/Samuel/Documents/GitHub/CFE_CasaRV/CasaCFE/Saved/Config/Windows/Scalability.ini]
[2019.07.06-22.34.09:469][  0]LogConfig: Setting CVar [[r.TranslucencyLightingVolumeDim:4]]
[2019.07.06-22.34.09:469][  0]LogConfig: Setting CVar [[r.RefractionQuality:2]]
[2019.07.06-22.34.09:469][  0]LogConfig: Setting CVar [[r.SSR.Quality:0]]
[2019.07.06-22.34.09:469][  0]LogConfig: Setting CVar [[r.SceneColorFormat:2]]
[2019.07.06-22.34.09:469][  0]LogConfig: Setting CVar [[r.DetailMode:2]]
[2019.07.06-22.34.09:469][  0]LogConfig: Setting CVar [[r.TranslucencyVolumeBlur:0]]
[2019.07.06-22.34.09:469][  0]LogConfig: Setting CVar [[r.MaterialQualityLevel:1 ; High quality]]
[2019.07.06-22.34.09:469][  0]LogConfig: Setting CVar [[r.SSS.Scale:1]]
[2019.07.06-22.34.09:469][  0]LogConfig: Setting CVar [[r.SSS.SampleSet:2]]
[2019.07.06-22.34.09:469][  0]LogConfig: Setting CVar [[r.SSS.Quality:1]]
[2019.07.06-22.34.09:469][  0]LogConfig: Setting CVar [[r.SSS.HalfRes:1]]
[2019.07.06-22.34.09:469][  0]LogConfig: Setting CVar [[r.EmitterSpawnRateScale:1.0]]
[2019.07.06-22.34.09:469][  0]LogConfig: Setting CVar [[r.ParticleLightQuality:2]]
[2019.07.06-22.34.09:469][  0]LogConfig: Applying CVar settings from Section [FoliageQuality@3] File [C:/Users/Samuel/Documents/GitHub/CFE_CasaRV/CasaCFE/Saved/Config/Windows/Scalability.ini]
[2019.07.06-22.34.09:469][  0]LogConfig: Setting CVar [[foliage.DensityScale:1.0]]
[2019.07.06-22.34.09:469][  0]LogConfig: Setting CVar [[grass.DensityScale:1.0]]
[2019.07.06-22.34.09:469][  0]LogInit: Selected Device Profile: [Windows]
[2019.07.06-22.34.09:469][  0]LogInit: Applying CVar settings loaded from the selected device profile: [Windows]
[2019.07.06-22.34.09:498][  0]LogHAL: Display: Platform has ~ 7 GB [7455145984 / 8589934592 / 7], which maps to Smaller [LargestMinGB=32, LargerMinGB=12, DefaultMinGB=8, SmallerMinGB=6, SmallestMinGB=0)
[2019.07.06-22.34.09:498][  0]LogConfig: Setting CVar [[r.Vulkan.UseRealUBs:1]]
[2019.07.06-22.34.09:498][  0]LogInit: Going up to parent DeviceProfile []
[2019.07.06-22.34.09:498][  0]LogConfig: Applying CVar settings from Section [ViewDistanceQuality@1] File [C:/Users/Samuel/Documents/GitHub/CFE_CasaRV/CasaCFE/Saved/Config/Windows/Scalability.ini]
[2019.07.06-22.34.09:499][  0]LogConfig: Setting CVar [[r.SkeletalMeshLODBias:1]]
[2019.07.06-22.34.09:499][  0]LogConfig: Setting CVar [[r.ViewDistanceScale:0.6]]
[2019.07.06-22.34.09:499][  0]LogConfig: Applying CVar settings from Section [AntiAliasingQuality@1] File [C:/Users/Samuel/Documents/GitHub/CFE_CasaRV/CasaCFE/Saved/Config/Windows/Scalability.ini]
[2019.07.06-22.34.09:499][  0]LogConfig: Setting CVar [[r.PostProcessAAQuality:2]]
[2019.07.06-22.34.09:499][  0]LogConfig: Applying CVar settings from Section [ShadowQuality@1] File [C:/Users/Samuel/Documents/GitHub/CFE_CasaRV/CasaCFE/Saved/Config/Windows/Scalability.ini]
[2019.07.06-22.34.09:499][  0]LogConfig: Setting CVar [[r.LightFunctionQuality:1]]
[2019.07.06-22.34.09:499][  0]LogConfig: Setting CVar [[r.ShadowQuality:3]]
[2019.07.06-22.34.09:499][  0]LogConfig: Setting CVar [[r.Shadow.CSM.MaxCascades:1]]
[2019.07.06-22.34.09:499][  0]LogConfig: Setting CVar [[r.Shadow.MaxResolution:1024]]
[2019.07.06-22.34.09:499][  0]LogConfig: Setting CVar [[r.Shadow.MaxCSMResolution:1024]]
[2019.07.06-22.34.09:499][  0]LogConfig: Setting CVar [[r.Shadow.RadiusThreshold:0.05]]
[2019.07.06-22.34.09:499][  0]LogConfig: Setting CVar [[r.Shadow.DistanceScale:0.7]]
[2019.07.06-22.34.09:499][  0]LogConfig: Setting CVar [[r.Shadow.CSM.TransitionScale:0.25]]
[2019.07.06-22.34.09:499][  0]LogConfig: Setting CVar [[r.Shadow.PreShadowResolutionFactor:0.5]]
[2019.07.06-22.34.09:499][  0]LogConfig: Setting CVar [[r.DistanceFieldShadowing:0]]
[2019.07.06-22.34.09:499][  0]LogConfig: Setting CVar [[r.DistanceFieldAO:0]]
[2019.07.06-22.34.09:499][  0]LogConfig: Setting CVar [[r.VolumetricFog:0]]
[2019.07.06-22.34.09:499][  0]LogConfig: Setting CVar [[r.LightMaxDrawDistanceScale:.5]]
[2019.07.06-22.34.09:499][  0]LogConfig: Setting CVar [[r.CapsuleShadows:1]]
[2019.07.06-22.34.09:499][  0]LogConfig: Applying CVar settings from Section [PostProcessQuality@1] File [C:/Users/Samuel/Documents/GitHub/CFE_CasaRV/CasaCFE/Saved/Config/Windows/Scalability.ini]
[2019.07.06-22.34.09:499][  0]LogConfig: Setting CVar [[r.MotionBlurQuality:0]]
[2019.07.06-22.34.09:499][  0]LogConfig: Setting CVar [[r.AmbientOcclusionMipLevelFactor:1.0]]
[2019.07.06-22.34.09:499][  0]LogConfig: Setting CVar [[r.AmbientOcclusionMaxQuality:60]]
[2019.07.06-22.34.09:499][  0]LogConfig: Setting CVar [[r.AmbientOcclusionLevels:0]]
[2019.07.06-22.34.09:499][  0]LogConfig: Setting CVar [[r.AmbientOcclusionRadiusScale:1.5]]
[2019.07.06-22.34.09:499][  0]LogConfig: Setting CVar [[r.DepthOfFieldQuality:0]]
[2019.07.06-22.34.09:499][  0]LogConfig: Setting CVar [[r.RenderTargetPoolMin:350]]
[2019.07.06-22.34.09:499][  0]LogConfig: Setting CVar [[r.LensFlareQuality:0]]
[2019.07.06-22.34.09:499][  0]LogConfig: Setting CVar [[r.SceneColorFringeQuality:0]]
[2019.07.06-22.34.09:499][  0]LogConfig: Setting CVar [[r.EyeAdaptationQuality:0]]
[2019.07.06-22.34.09:499][  0]LogConfig: Setting CVar [[r.BloomQuality:1]]
[2019.07.06-22.34.09:499][  0]LogConfig: Setting CVar [[r.FastBlurThreshold:0]]
[2019.07.06-22.34.09:499][  0]LogConfig: Setting CVar [[r.Upscale.Quality:2]]
[2019.07.06-22.34.09:499][  0]LogConfig: Setting CVar [[r.Tonemapper.GrainQuantization:0]]
[2019.07.06-22.34.09:499][  0]LogConfig: Setting CVar [[r.LightShaftQuality:0]]
[2019.07.06-22.34.09:499][  0]LogConfig: Setting CVar [[r.Filter.SizeScale:0.7]]
[2019.07.06-22.34.09:499][  0]LogConfig: Setting CVar [[r.Tonemapper.Quality:2]]
[2019.07.06-22.34.09:499][  0]LogConfig: Setting CVar [[r.DOF.Gather.AccumulatorQuality:0        ; lower gathering accumulator quality]]
[2019.07.06-22.34.09:499][  0]LogConfig: Setting CVar [[r.DOF.Gather.PostfilterMethod:2          ; Max3x3 postfilering method]]
[2019.07.06-22.34.09:499][  0]LogConfig: Setting CVar [[r.DOF.Gather.EnableBokehSettings:0       ; no bokeh simulation when gathering]]
[2019.07.06-22.34.09:499][  0]LogConfig: Setting CVar [[r.DOF.Gather.RingCount:3                 ; low number of samples when gathering]]
[2019.07.06-22.34.09:499][  0]LogConfig: Setting CVar [[r.DOF.Scatter.ForegroundCompositing:0    ; no foreground scattering]]
[2019.07.06-22.34.09:499][  0]LogConfig: Setting CVar [[r.DOF.Scatter.BackgroundCompositing:0    ; no foreground scattering]]
[2019.07.06-22.34.09:499][  0]LogConfig: Setting CVar [[r.DOF.Recombine.Quality:0                ; no slight out of focus]]
[2019.07.06-22.34.09:499][  0]LogConfig: Setting CVar [[r.DOF.TemporalAAQuality:0                ; faster temporal accumulation]]
[2019.07.06-22.34.09:500][  0]LogConfig: Setting CVar [[r.DOF.Kernel.MaxForegroundRadius:0.006   ; required because low gathering and no scattering and not looking great at 1080p]]
[2019.07.06-22.34.09:500][  0]LogConfig: Setting CVar [[r.DOF.Kernel.MaxBackgroundRadius:0.006   ; required because low gathering and no scattering and not looking great at 1080p]]
[2019.07.06-22.34.09:500][  0]LogConfig: Applying CVar settings from Section [TextureQuality@1] File [C:/Users/Samuel/Documents/GitHub/CFE_CasaRV/CasaCFE/Saved/Config/Windows/Scalability.ini]
[2019.07.06-22.34.09:500][  0]LogConfig: Setting CVar [[r.Streaming.MipBias:1]]
[2019.07.06-22.34.09:500][  0]LogConfig: Setting CVar [[r.Streaming.AmortizeCPUToGPUCopy:0]]
[2019.07.06-22.34.09:500][  0]LogConfig: Setting CVar [[r.Streaming.MaxNumTexturesToStreamPerFrame:0]]
[2019.07.06-22.34.09:500][  0]LogConfig: Setting CVar [[r.Streaming.Boost:1]]
[2019.07.06-22.34.09:500][  0]LogConfig: Setting CVar [[r.MaxAnisotropy:2]]
[2019.07.06-22.34.09:500][  0]LogConfig: Setting CVar [[r.Streaming.LimitPoolSizeToVRAM:1]]
[2019.07.06-22.34.09:500][  0]LogConfig: Setting CVar [[r.Streaming.PoolSize:600]]
[2019.07.06-22.34.09:500][  0]LogConfig: Setting CVar [[r.Streaming.MaxEffectiveScreenSize:0]]
[2019.07.06-22.34.09:500][  0]LogConfig: Applying CVar settings from Section [EffectsQuality@1] File [C:/Users/Samuel/Documents/GitHub/CFE_CasaRV/CasaCFE/Saved/Config/Windows/Scalability.ini]
[2019.07.06-22.34.09:500][  0]LogConfig: Setting CVar [[r.TranslucencyLightingVolumeDim:4]]
[2019.07.06-22.34.09:500][  0]LogConfig: Setting CVar [[r.RefractionQuality:0]]
[2019.07.06-22.34.09:500][  0]LogConfig: Setting CVar [[r.SSR.Quality:0]]
[2019.07.06-22.34.09:500][  0]LogConfig: Setting CVar [[r.SceneColorFormat:2]]
[2019.07.06-22.34.09:500][  0]LogConfig: Setting CVar [[r.DetailMode:1]]
[2019.07.06-22.34.09:500][  0]LogConfig: Setting CVar [[r.TranslucencyVolumeBlur:0]]
[2019.07.06-22.34.09:500][  0]LogConfig: Setting CVar [[r.MaterialQualityLevel:2 ; Medium quality]]
[2019.07.06-22.34.09:500][  0]LogConfig: Setting CVar [[r.SSS.Scale:0.75]]
[2019.07.06-22.34.09:500][  0]LogConfig: Setting CVar [[r.SSS.SampleSet:0]]
[2019.07.06-22.34.09:500][  0]LogConfig: Setting CVar [[r.SSS.Quality:0]]
[2019.07.06-22.34.09:500][  0]LogConfig: Setting CVar [[r.SSS.HalfRes:1]]
[2019.07.06-22.34.09:500][  0]LogConfig: Setting CVar [[r.EmitterSpawnRateScale:0.25]]
[2019.07.06-22.34.09:500][  0]LogConfig: Setting CVar [[r.ParticleLightQuality:0]]
[2019.07.06-22.34.09:500][  0]LogConfig: Applying CVar settings from Section [FoliageQuality@1] File [C:/Users/Samuel/Documents/GitHub/CFE_CasaRV/CasaCFE/Saved/Config/Windows/Scalability.ini]
[2019.07.06-22.34.09:500][  0]LogConfig: Setting CVar [[foliage.DensityScale:0.4]]
[2019.07.06-22.34.09:500][  0]LogConfig: Setting CVar [[grass.DensityScale:0.4]]
[2019.07.06-22.34.09:500][  0]LogConfig: Applying CVar settings from Section [Startup] File [../../../Engine/Config/ConsoleVariables.ini]
[2019.07.06-22.34.09:501][  0]LogConfig: Setting CVar [[net.UseAdaptiveNetUpdateFrequency:0]]
[2019.07.06-22.34.09:501][  0]LogConfig: Applying CVar settings from Section [ConsoleVariables] File [C:/Users/Samuel/Documents/GitHub/CFE_CasaRV/CasaCFE/Saved/Config/Windows/Engine.ini]
[2019.07.06-22.34.09:501][  0]LogInit: Computer: DESKTOP-RTM83TK
[2019.07.06-22.34.09:501][  0]LogInit: User: Samuel
[2019.07.06-22.34.09:501][  0]LogInit: CPU Page size=4096, Cores=4
[2019.07.06-22.34.09:501][  0]LogInit: High frequency timer resolution =10.000000 MHz
[2019.07.06-22.34.09:502][  0]LogMemory: Memory total: Physical=6.9GB (7GB approx)
[2019.07.06-22.34.09:502][  0]LogMemory: Platform Memory Stats for Windows
[2019.07.06-22.34.09:502][  0]LogMemory: Process Physical Memory: 104.82 MB used, 104.83 MB peak
[2019.07.06-22.34.09:502][  0]LogMemory: Process Virtual Memory: 97.61 MB used, 97.61 MB peak
[2019.07.06-22.34.09:502][  0]LogMemory: Physical Memory: 3333.52 MB used,  3776.26 MB free, 7109.78 MB total
[2019.07.06-22.34.09:502][  0]LogMemory: Virtual Memory: 4628.92 MB used,  134213096.00 MB free, 134217728.00 MB total
[2019.07.06-22.34.09:541][  0]LogInit: Overriding language with editor language configuration option (en).
[2019.07.06-22.34.09:541][  0]LogInit: Overriding locale with editor locale configuration option (en).
[2019.07.06-22.34.10:325][  0]LogStreaming: Display: Took  0.784s to InitEngineTextLocalization.
[2019.07.06-22.34.10:325][  0]LogInit: Setting process to per monitor DPI aware
[2019.07.06-22.34.10:366][  0]LogSlate: New Slate User Created.  User Index 0, Is Virtual User: 0
[2019.07.06-22.34.10:366][  0]LogSlate: Slate User Registered.  User Index 0, Is Virtual User: 0
[2019.07.06-22.34.10:829][  0]LogHMD: Failed to initialize OpenVR with code 110
[2019.07.06-22.34.10:829][  0]LogD3D11RHI: D3D11 adapters:
[2019.07.06-22.34.10:892][  0]LogD3D11RHI:    0. 'AMD Radeon(TM) R6 Graphics' (Feature Level 11_0)
[2019.07.06-22.34.10:892][  0]LogD3D11RHI:       1012/0/3554 MB DedicatedVideo/DedicatedSystem/SharedSystem, Outputs:1, VendorId:0x1002
[2019.07.06-22.34.10:898][  0]LogD3D11RHI:    1. 'Microsoft Basic Render Driver' (Feature Level 11_0)
[2019.07.06-22.34.10:898][  0]LogD3D11RHI:       0/0/3554 MB DedicatedVideo/DedicatedSystem/SharedSystem, Outputs:0, VendorId:0x1414
[2019.07.06-22.34.10:898][  0]LogD3D11RHI: Chosen D3D11 Adapter: 0
[2019.07.06-22.34.10:910][  0]LogD3D11RHI: Creating new Direct3DDevice
[2019.07.06-22.34.10:910][  0]LogD3D11RHI:     GPU DeviceId: 0x9874 (for the marketing name, search the web for "GPU Device Id")
[2019.07.06-22.34.10:911][  0]LogWindows: EnumDisplayDevices:
[2019.07.06-22.34.10:911][  0]LogWindows:    0. 'AMD Radeon(TM) R6 Graphics' (P:1 D:1)
[2019.07.06-22.34.10:912][  0]LogWindows:    1. 'AMD Radeon(TM) R6 Graphics' (P:0 D:0)
[2019.07.06-22.34.10:912][  0]LogWindows:    2. 'AMD Radeon(TM) R6 Graphics' (P:0 D:0)
[2019.07.06-22.34.10:913][  0]LogWindows: DebugString: FoundDriverCount:3 
[2019.07.06-22.34.10:913][  0]LogD3D11RHI:     Adapter Name: AMD Radeon(TM) R6 Graphics
[2019.07.06-22.34.10:913][  0]LogD3D11RHI:   Driver Version: 15.201.1101.1002 (internal:15.201.1101.1002, unified:15.201.1101.1002)
[2019.07.06-22.34.10:913][  0]LogD3D11RHI:      Driver Date: 8-21-2015
[2019.07.06-22.34.10:913][  0]LogRHI: Texture pool is 708 MB (70% of 1012 MB)
[2019.07.06-22.34.11:095][  0]LogD3D11RHI: Async texture creation enabled
[2019.07.06-22.34.11:130][  0]LogD3D11RHI: GPU Timing Frequency: 27.000000 (Debug: 2 2)
[2019.07.06-22.34.11:832][  0]LogTemp: Display: Loaded TP AllDesktopTargetPlatform
[2019.07.06-22.34.11:856][  0]LogTemp: Display: Loaded TP MacClientTargetPlatform
[2019.07.06-22.34.11:879][  0]LogTemp: Display: Loaded TP MacNoEditorTargetPlatform
[2019.07.06-22.34.11:902][  0]LogTemp: Display: Loaded TP MacServerTargetPlatform
[2019.07.06-22.34.11:926][  0]LogTemp: Display: Loaded TP MacTargetPlatform
[2019.07.06-22.34.11:950][  0]LogTemp: Display: Loaded TP WindowsClientTargetPlatform
[2019.07.06-22.34.11:974][  0]LogTemp: Display: Loaded TP WindowsNoEditorTargetPlatform
[2019.07.06-22.34.12:000][  0]LogTemp: Display: Loaded TP WindowsServerTargetPlatform
[2019.07.06-22.34.12:012][  0]LogTemp: Display: Loaded TP WindowsTargetPlatform
[2019.07.06-22.34.12:150][  0]LogTemp: Display: Loaded TP AndroidTargetPlatform
[2019.07.06-22.34.12:150][  0]LogTemp: Display: Loaded TP AndroidTargetPlatform
[2019.07.06-22.34.12:150][  0]LogTemp: Display: Loaded TP AndroidTargetPlatform
[2019.07.06-22.34.12:150][  0]LogTemp: Display: Loaded TP AndroidTargetPlatform
[2019.07.06-22.34.12:150][  0]LogTemp: Display: Loaded TP AndroidTargetPlatform
[2019.07.06-22.34.12:150][  0]LogTemp: Display: Loaded TP AndroidTargetPlatform
[2019.07.06-22.34.12:150][  0]LogTemp: Display: Loaded TP AndroidTargetPlatform
[2019.07.06-22.34.12:150][  0]LogTemp: Display: Loaded TP AndroidTargetPlatform
[2019.07.06-22.34.12:150][  0]LogTemp: Display: Loaded TP AndroidTargetPlatform
[2019.07.06-22.34.12:150][  0]LogTemp: Display: Loaded TP AndroidTargetPlatform
[2019.07.06-22.34.12:150][  0]LogTemp: Display: Loaded TP AndroidTargetPlatform
[2019.07.06-22.34.12:150][  0]LogTemp: Display: Loaded TP AndroidTargetPlatform
[2019.07.06-22.34.12:150][  0]LogTemp: Display: Loaded TP AndroidTargetPlatform
[2019.07.06-22.34.12:150][  0]LogTemp: Display: Loaded TP AndroidTargetPlatform
[2019.07.06-22.34.12:150][  0]LogTemp: Display: Loaded TP AndroidTargetPlatform
[2019.07.06-22.34.12:150][  0]LogTemp: Display: Loaded TP AndroidTargetPlatform
[2019.07.06-22.34.12:150][  0]LogTemp: Display: Loaded TP AndroidTargetPlatform
[2019.07.06-22.34.12:150][  0]LogTemp: Display: Loaded TP AndroidTargetPlatform
[2019.07.06-22.34.12:153][  0]LogTemp: Display: Loaded TP HTML5TargetPlatform
[2019.07.06-22.34.12:238][  0]LogTemp: Display: Loaded TP IOSTargetPlatform
[2019.07.06-22.34.12:238][  0]LogTemp: Display: Loaded TP IOSTargetPlatform
[2019.07.06-22.34.12:286][  0]LogTemp: Display: Loaded TP TVOSTargetPlatform
[2019.07.06-22.34.12:286][  0]LogTemp: Display: Loaded TP TVOSTargetPlatform
[2019.07.06-22.34.12:311][  0]LogTemp: Display: Loaded TP LinuxClientTargetPlatform
[2019.07.06-22.34.12:336][  0]LogTemp: Display: Loaded TP LinuxNoEditorTargetPlatform
[2019.07.06-22.34.12:359][  0]LogTemp: Display: Loaded TP LinuxServerTargetPlatform
[2019.07.06-22.34.12:386][  0]LogTemp: Display: Loaded TP LinuxTargetPlatform
[2019.07.06-22.34.12:479][  0]LogTemp: Display: Loaded TP LuminTargetPlatform
[2019.07.06-22.34.12:479][  0]LogTemp: Display: Loaded TP LuminTargetPlatform
[2019.07.06-22.34.12:479][  0]LogTargetPlatformManager: Display: Building Assets For Windows
[2019.07.06-22.34.12:600][  0]LogShaderCompilers: Guid format shader working directory is -19 characters bigger than the processId version (../../../../../../Users/Samuel/Documents/GitHub/CFE_CasaRV/CasaCFE/Intermediate/Shaders/WorkingDirectory/2576/).
[2019.07.06-22.34.12:600][  0]LogShaderCompilers: Cleaned the shader compiler working directory 'C:/Users/Samuel/AppData/Local/Temp/UnrealShaderWorkingDir/F3E0BAA649000CD3DB8575BF21810385/'.
[2019.07.06-22.34.12:604][  0]LogXGEController: Cannot use XGE Controller as Incredibuild is not installed on this machine.
[2019.07.06-22.34.12:605][  0]LogShaderCompilers: Cannot use XGE Shader Compiler as Incredibuild is not installed on this machine.
[2019.07.06-22.34.12:605][  0]LogShaderCompilers: Display: Using Local Shader Compiler.
[2019.07.06-22.34.13:890][  0]LogDerivedDataCache: Display: Max Cache Size: 512 MB
[2019.07.06-22.34.14:059][  0]LogDerivedDataCache: Loaded boot cache 0.17s 85MB C:/Users/Samuel/AppData/Local/UnrealEngine/4.21/DerivedDataCache/Boot.ddc.
[2019.07.06-22.34.14:059][  0]LogDerivedDataCache: Display: Loaded Boot cache: C:/Users/Samuel/AppData/Local/UnrealEngine/4.21/DerivedDataCache/Boot.ddc
[2019.07.06-22.34.14:059][  0]LogDerivedDataCache: FDerivedDataBackendGraph:  Pak pak cache file ../../../../../../Users/Samuel/Documents/GitHub/CFE_CasaRV/CasaCFE/DerivedDataCache/DDC.ddp not found, will not use a pak cache.
[2019.07.06-22.34.14:059][  0]LogDerivedDataCache: Unable to find inner node Pak for hierarchical cache Hierarchy.
[2019.07.06-22.34.14:059][  0]LogDerivedDataCache: FDerivedDataBackendGraph:  CompressedPak pak cache file ../../../../../../Users/Samuel/Documents/GitHub/CFE_CasaRV/CasaCFE/DerivedDataCache/Compressed.ddp not found, will not use a pak cache.
[2019.07.06-22.34.14:059][  0]LogDerivedDataCache: Unable to find inner node CompressedPak for hierarchical cache Hierarchy.
[2019.07.06-22.34.14:088][  0]LogDerivedDataCache: Display: Pak cache opened for reading ../../../Engine/DerivedDataCache/Compressed.ddp.
[2019.07.06-22.34.14:088][  0]LogDerivedDataCache: FDerivedDataBackendGraph:  EnterprisePak pak cache file ../../../Enterprise/DerivedDataCache/Compressed.ddp not found, will not use a pak cache.
[2019.07.06-22.34.14:088][  0]LogDerivedDataCache: Unable to find inner node EnterprisePak for hierarchical cache Hierarchy.
[2019.07.06-22.34.14:103][  0]LogDerivedDataCache: Using Local data cache path C:/Users/Samuel/AppData/Local/UnrealEngine/Common/DerivedDataCache: Writable
[2019.07.06-22.34.14:103][  0]LogDerivedDataCache: Shared data cache path not found in *engine.ini, will not use an Shared cache.
[2019.07.06-22.34.14:103][  0]LogDerivedDataCache: Unable to find inner node Shared for hierarchical cache Hierarchy.
[2019.07.06-22.34.14:150][  0]LogMaterial: Verifying Global Shaders for PCD3D_SM5
[2019.07.06-22.34.14:152][  0]LogSlate: Using FreeType 2.6.0
[2019.07.06-22.34.14:153][  0]LogSlate: SlateFontServices - WITH_FREETYPE: 1, WITH_HARFBUZZ: 1
[2019.07.06-22.34.14:293][  0]LogAssetRegistry: FAssetRegistry took 0.0452 seconds to start up
[2019.07.06-22.34.15:056][  0]LogInit: Selected Device Profile: [Windows]
[2019.07.06-22.34.15:225][  0]LogSimplygon: Simplygon DLL not present - disabling.
[2019.07.06-22.34.15:233][  0]LogMeshReduction: Using SimplygonSwarm for distributed automatic mesh merging
[2019.07.06-22.34.15:234][  0]LogMeshReduction: Using ProxyLODMeshReduction for automatic mesh merging
[2019.07.06-22.34.15:234][  0]LogMeshReduction: Using QuadricMeshReduction for automatic static mesh reduction
[2019.07.06-22.34.15:234][  0]LogMeshReduction: No automatic skeletal mesh reduction module available
[2019.07.06-22.34.15:414][  0]LogNetVersion: CasaRV_CFE 1.0.0, NetCL: 4541578, EngineNetVer: 5, GameNetVer: 0 (Checksum: 735120185)
[2019.07.06-22.34.16:479][  0]LogPackageLocalizationCache: Processed 11 localized package path(s) for 1 prioritized culture(s) in 0.123980 seconds
[2019.07.06-22.34.16:492][  0]LogUObjectArray: 39775 objects as part of root set at end of initial load.
[2019.07.06-22.34.16:492][  0]LogUObjectAllocator: 6914664 out of 0 bytes used by permanent object pool.
[2019.07.06-22.34.16:492][  0]LogUObjectArray: CloseDisregardForGC: 0/0 objects in disregard for GC pool
[2019.07.06-22.34.17:977][  0]LogTcpMessaging: Initializing TcpMessaging bridge
[2019.07.06-22.34.17:993][  0]LogUdpMessaging: Initializing bridge on interface 0.0.0.0:0 to multicast group 230.0.0.1:6666.
[2019.07.06-22.34.19:179][  0]SourceControl: Source control is disabled
[2019.07.06-22.34.20:239][  0]LogAndroidPermission: UAndroidPermissionCallbackProxy::GetInstance
[2019.07.06-22.34.20:353][  0]LogOcInput: OculusInput pre-init called
[2019.07.06-22.34.20:556][  0]LogEngine: Initializing Engine...
[2019.07.06-22.34.20:558][  0]LogHMD: Failed to initialize OpenVR with code 110
[2019.07.06-22.34.20:561][  0]LogStats: UGameplayTagsManager::ConstructGameplayTagTree: ImportINI prefixes -  0.000 s
[2019.07.06-22.34.20:561][  0]LogStats: UGameplayTagsManager::ConstructGameplayTagTree: Construct from data asset -  0.000 s
[2019.07.06-22.34.20:561][  0]LogStats: UGameplayTagsManager::ConstructGameplayTagTree: ImportINI -  0.000 s
[2019.07.06-22.34.20:561][  0]LogStats: UGameplayTagsManager::ConstructGameplayTagTree: GameplayTagTreeChangedEvent.Broadcast -  0.000 s
[2019.07.06-22.34.21:050][  0]LogInit: Initializing FReadOnlyCVARCache
[2019.07.06-22.34.21:078][  0]LogAIModule: Creating AISystem for world Untitled
[2019.07.06-22.34.21:100][  0]LogInit: XAudio2 using 'Altavoces (Conexant SmartAudio HD)' : 2 channels at 48 kHz using 32 bits per sample (channel mask 0x3)
[2019.07.06-22.34.21:237][  0]LogInit: FAudioDevice initialized.
[2019.07.06-22.34.21:237][  0]LogNetVersion: Set ProjectVersion to 1.0.0.0. Version Checksum will be recalculated on next use.
[2019.07.06-22.34.21:574][  0]LogDerivedDataCache: Saved boot cache 0.34s 85MB C:/Users/Samuel/AppData/Local/UnrealEngine/4.21/DerivedDataCache/Boot.ddc.
[2019.07.06-22.34.21:614][  0]LogInit: Texture streaming: Enabled
[2019.07.06-22.34.21:669][  0]LogEngineSessionManager: EngineSessionManager initialized
[2019.07.06-22.34.21:669][  0]LogEngineSessionManager: EngineSessionManager sent abnormal shutdown report. Type=AbnormalShutdown, SessionId={E540C7D2-40A6-1DDD-A606-11ADD75A3FEC}
[2019.07.06-22.34.21:717][  0]LogInit: Transaction tracking system initialized
[2019.07.06-22.34.21:774][  0]BlueprintLog: New page: Editor Load
[2019.07.06-22.34.21:935][  0]LocalizationService: Localization service is disabled
[2019.07.06-22.34.24:577][  0]LogFileCache: Scanning file cache for directory 'C:/Users/Samuel/Documents/GitHub/CFE_CasaRV/CasaCFE/Content/' took 0.03s
[2019.07.06-22.34.24:577][  0]LogCook: Display: Max memory allowance for cook 16384mb min free memory 0mb
[2019.07.06-22.34.24:577][  0]LogCook: Display: Mobile HDR setting 1
[2019.07.06-22.34.24:577][  0]LogGameplayTags: Display: UGameplayTagsManager::DoneAddingNativeTags. DelegateIsBound: 0
[2019.07.06-22.34.24:577][  0]LogStats: UGameplayTagsManager::ConstructGameplayTagTree: ImportINI prefixes -  0.000 s
[2019.07.06-22.34.24:577][  0]LogStats: UGameplayTagsManager::ConstructGameplayTagTree: Construct from data asset -  0.000 s
[2019.07.06-22.34.24:578][  0]LogStats: UGameplayTagsManager::ConstructGameplayTagTree: ImportINI -  0.000 s
[2019.07.06-22.34.24:578][  0]LogStats: UGameplayTagsManager::ConstructGameplayTagTree: GameplayTagTreeChangedEvent.Broadcast -  0.000 s
[2019.07.06-22.34.24:883][  0]Cmd: MAP LOAD FILE="../../../../../../Users/Samuel/Documents/GitHub/CFE_CasaRV/CasaCFE/Content/ModernKitchen/Maps/KitchenScene.umap" TEMPLATE=0 SHOWPROGRESS=1 FEATURELEVEL=3
[2019.07.06-22.34.24:884][  0]LightingResults: New page: Lighting Build
[2019.07.06-22.34.24:889][  0]MapCheck: New page: Map Check
[2019.07.06-22.34.24:889][  0]LightingResults: New page: Lighting Build
[2019.07.06-22.34.25:620][  0]LogProperty: Error: UStructProperty::Serialize Loading: Property 'StructProperty /Game/VirtualRealityBP/Blueprints/Electrodomestico/GameInstanceCFE.GameInstanceCFE_C:Electrodomesticos.Electrodomesticos'. Unknown structure.
[2019.07.06-22.34.25:634][  0]LogProperty: Error: UStructProperty::Serialize Loading: Property 'StructProperty /Game/VirtualRealityBP/Blueprints/Electrodomestico/Switch.Switch_C:Informacion'. Unknown structure.
[2019.07.06-22.34.25:634][  0]LogClass: Warning: Property Informacion of Informacion has a struct type mismatch (tag STRUCT_REINST_Informacion_Electrodomestico_0 != prop FallbackStruct) in package:  ../../../../../../Users/Samuel/Documents/GitHub/CFE_CasaRV/CasaCFE/Content/VirtualRealityBP/Blueprints/Electrodomestico/Switch.uasset. If that struct got renamed, add an entry to ActiveStructRedirects.
[2019.07.06-22.34.25:655][  0]LogBlueprint: Warning: [Compiler Switch] Could not find a variable named "Electrodomesticos" in 'GameInstanceCFE_C'.
Make sure 'GameInstanceCFE_C' has been compiled for  Get Electrodomesticos
[2019.07.06-22.34.25:656][  0]LogBlueprint: Warning: [Compiler Switch] Could not find a variable named "Electrodomesticos" in 'GameInstanceCFE_C'.
Make sure 'GameInstanceCFE_C' has been compiled for  Get Electrodomesticos
[2019.07.06-22.34.25:656][  0]LogBlueprint: Warning: [Compiler Switch] Could not find a variable named "GlobalWatts" in 'GameInstanceCFE_C'.
Make sure 'GameInstanceCFE_C' has been compiled for  Get GlobalWatts
[2019.07.06-22.34.25:656][  0]LogBlueprint: Warning: [Compiler Switch] Could not find a variable named "GlobalWatts" in 'GameInstanceCFE_C'.
Make sure 'GameInstanceCFE_C' has been compiled for  Set GlobalWatts
[2019.07.06-22.34.25:656][  0]LogBlueprint: Warning: [Compiler Switch] Could not find a variable named "GlobalWatts" in 'GameInstanceCFE_C'.
Make sure 'GameInstanceCFE_C' has been compiled for  Get GlobalWatts
[2019.07.06-22.34.25:656][  0]LogBlueprint: Warning: [Compiler Switch] Could not find a variable named "GlobalWatts" in 'GameInstanceCFE_C'.
Make sure 'GameInstanceCFE_C' has been compiled for  Set GlobalWatts
[2019.07.06-22.34.25:663][  0]LogClass: Warning: Property Informacion of Informacion has a struct type mismatch (tag FallbackStruct != prop Informacion_Electrodomestico) in package:  FObjectReader. If that struct got renamed, add an entry to ActiveStructRedirects.
[2019.07.06-22.34.25:664][  0]LogBlueprint: Warning: [Compiler Switch] [0019.34] Compile of Switch successful, but with 6 Warning(s) [in 20 ms] (/Game/VirtualRealityBP/Blueprints/Electrodomestico/Switch.Switch)
[2019.07.06-22.34.26:884][  0]LogBlueprint: Warning: [Compiler PersistentLevel.KitchenScene] Could not find a variable named "Consumo" in 'GameInstanceCFE_C'.
Make sure 'GameInstanceCFE_C' has been compiled for  Set Consumo
[2019.07.06-22.34.26:884][  0]LogBlueprint: Warning: [Compiler PersistentLevel.KitchenScene] Could not find a variable named "Consumo" in 'GameInstanceCFE_C'.
Make sure 'GameInstanceCFE_C' has been compiled for  Get Consumo
[2019.07.06-22.34.26:885][  0]LogBlueprint: Warning: [Compiler PersistentLevel.KitchenScene] Could not find a variable named "GlobalWatts" in 'GameInstanceCFE_C'.
Make sure 'GameInstanceCFE_C' has been compiled for  Get GlobalWatts
[2019.07.06-22.34.26:888][  0]LogBlueprint: Warning: [Compiler PersistentLevel.KitchenScene] [0020.56] Compile of PersistentLevel.KitchenScene successful, but with 3 Warning(s) [in 10 ms] (/Game/ModernKitchen/Maps/KitchenScene.KitchenScene:PersistentLevel.KitchenScene)
[2019.07.06-22.34.30:518][  0]LogAIModule: Creating AISystem for world KitchenScene
[2019.07.06-22.34.30:566][  0]LogEditorServer: Finished looking for orphan Actors (0.000 secs)
[2019.07.06-22.34.30:830][  0]Cmd: MAP CHECKDEP NOCLEARLOG
[2019.07.06-22.34.30:831][  0]MapCheck: Map check complete: 0 Error(s), 0 Warning(s), took 0.464ms to complete.
[2019.07.06-22.34.30:831][  0]LogFileHelpers: Loading map 'KitchenScene' took 5.949
[2019.07.06-22.34.31:014][  0]LogSlate: Updating window title bar state: overlay mode, drag disabled, window buttons hidden, title bar hidden
[2019.07.06-22.34.31:036][  0]LogSlate: Updating window title bar state: overlay mode, drag disabled, window buttons hidden, title bar hidden
[2019.07.06-22.34.31:057][  0]LogSlate: Updating window title bar state: overlay mode, drag disabled, window buttons hidden, title bar hidden
[2019.07.06-22.34.31:077][  0]LogSlate: Updating window title bar state: overlay mode, drag disabled, window buttons hidden, title bar hidden
[2019.07.06-22.34.31:094][  0]LogCollectionManager: Loaded 0 collections in 0.004468 seconds
[2019.07.06-22.34.31:131][  0]LogFileCache: Scanning file cache for directory 'C:/Users/Samuel/Documents/GitHub/CFE_CasaRV/CasaCFE/Saved/Collections/' took 0.01s
[2019.07.06-22.34.31:131][  0]LogFileCache: Scanning file cache for directory 'C:/Users/Samuel/Documents/GitHub/CFE_CasaRV/CasaCFE/Content/Developers/Samuel/Collections/' took 0.01s
[2019.07.06-22.34.31:131][  0]LogFileCache: Scanning file cache for directory 'C:/Users/Samuel/Documents/GitHub/CFE_CasaRV/CasaCFE/Content/Collections/' took 0.00s
[2019.07.06-22.34.31:131][  0]LogCollectionManager: Rebuilt the GUID cache for 0 collections in 0.000001 seconds
[2019.07.06-22.34.31:157][  0]LogContentBrowser: Native class hierarchy populated in 0.0252 seconds. Added 2651 classes and 620 folders.
[2019.07.06-22.34.31:173][  0]LogContentBrowser: Native class hierarchy updated for 'WidgetCarousel' in 0.0006 seconds. Added 0 classes and 0 folders.
[2019.07.06-22.34.31:177][  0]LogPakFile: Registered encryption key '00000000000000000000000000000000': 0 pak files mounted, 0 remain pending
[2019.07.06-22.34.31:179][  0]LogPakFile: Registered encryption key '00000000000000000000000000000000': 0 pak files mounted, 0 remain pending
[2019.07.06-22.34.31:181][  0]LogPakFile: Registered encryption key '00000000000000000000000000000000': 0 pak files mounted, 0 remain pending
[2019.07.06-22.34.31:182][  0]LogPakFile: Registered encryption key '00000000000000000000000000000000': 0 pak files mounted, 0 remain pending
[2019.07.06-22.34.31:185][  0]LogPakFile: Registered encryption key '00000000000000000000000000000000': 0 pak files mounted, 0 remain pending
[2019.07.06-22.34.31:187][  0]LogPakFile: Registered encryption key '00000000000000000000000000000000': 0 pak files mounted, 0 remain pending
[2019.07.06-22.34.31:189][  0]LogPakFile: Registered encryption key '00000000000000000000000000000000': 0 pak files mounted, 0 remain pending
[2019.07.06-22.34.31:190][  0]LogPakFile: Registered encryption key '00000000000000000000000000000000': 0 pak files mounted, 0 remain pending
[2019.07.06-22.34.31:192][  0]LogPakFile: Registered encryption key '00000000000000000000000000000000': 0 pak files mounted, 0 remain pending
[2019.07.06-22.34.31:193][  0]LogPakFile: Registered encryption key '00000000000000000000000000000000': 0 pak files mounted, 0 remain pending
[2019.07.06-22.34.31:195][  0]LogPakFile: Registered encryption key '00000000000000000000000000000000': 0 pak files mounted, 0 remain pending
[2019.07.06-22.34.31:197][  0]LogPakFile: Registered encryption key '00000000000000000000000000000000': 0 pak files mounted, 0 remain pending
[2019.07.06-22.34.31:198][  0]LogPakFile: Registered encryption key '00000000000000000000000000000000': 0 pak files mounted, 0 remain pending
[2019.07.06-22.34.31:200][  0]LogPakFile: Registered encryption key '00000000000000000000000000000000': 0 pak files mounted, 0 remain pending
[2019.07.06-22.34.31:202][  0]LogPakFile: Registered encryption key '00000000000000000000000000000000': 0 pak files mounted, 0 remain pending
[2019.07.06-22.34.31:203][  0]LogPakFile: Registered encryption key '00000000000000000000000000000000': 0 pak files mounted, 0 remain pending
[2019.07.06-22.34.31:205][  0]LogPakFile: Registered encryption key '00000000000000000000000000000000': 0 pak files mounted, 0 remain pending
[2019.07.06-22.34.31:206][  0]LogPakFile: Registered encryption key '00000000000000000000000000000000': 0 pak files mounted, 0 remain pending
[2019.07.06-22.34.31:208][  0]LogPakFile: Registered encryption key '00000000000000000000000000000000': 0 pak files mounted, 0 remain pending
[2019.07.06-22.34.31:209][  0]LogPakFile: Registered encryption key '00000000000000000000000000000000': 0 pak files mounted, 0 remain pending
[2019.07.06-22.34.31:211][  0]LogPakFile: Registered encryption key '00000000000000000000000000000000': 0 pak files mounted, 0 remain pending
[2019.07.06-22.34.31:212][  0]LogPakFile: Registered encryption key '00000000000000000000000000000000': 0 pak files mounted, 0 remain pending
[2019.07.06-22.34.31:214][  0]LogPakFile: Registered encryption key '00000000000000000000000000000000': 0 pak files mounted, 0 remain pending
[2019.07.06-22.34.31:216][  0]LogPakFile: Registered encryption key '00000000000000000000000000000000': 0 pak files mounted, 0 remain pending
[2019.07.06-22.34.31:218][  0]LogPakFile: Registered encryption key '00000000000000000000000000000000': 0 pak files mounted, 0 remain pending
[2019.07.06-22.34.31:220][  0]LogPakFile: Registered encryption key '00000000000000000000000000000000': 0 pak files mounted, 0 remain pending
[2019.07.06-22.34.31:301][  0]LogContentBrowser: Native class hierarchy updated for 'AddContentDialog' in 0.0008 seconds. Added 0 classes and 0 folders.
[2019.07.06-22.34.31:315][  0]LogContentBrowser: Native class hierarchy updated for 'SceneOutliner' in 0.0009 seconds. Added 1 classes and 2 folders.
[2019.07.06-22.34.31:548][  0]LogSlate: Took 0.000825 seconds to synchronously load lazily loaded font '../../../Engine/Content/Slate/Fonts/Roboto-Regular.ttf' (155K)
[2019.07.06-22.34.31:552][  0]LogSlate: Took 0.000567 seconds to synchronously load lazily loaded font '../../../Engine/Content/Slate/Fonts/Roboto-Bold.ttf' (160K)
[2019.07.06-22.34.31:565][  0]LogSlate: Took 0.000730 seconds to synchronously load lazily loaded font '../../../Engine/Content/Editor/Slate/Fonts/FontAwesome.ttf' (139K)
[2019.07.06-22.34.31:782][  0]LogRenderer: Reallocating scene render targets to support 832x348 Format 26 NumSamples 1 (Frame:1).
[2019.07.06-22.34.31:877][  0]LogD3D11RHI: Error: agsDriverExtensionsDX11_SetDepthBounds(1,0.000000, 1.000000) returned error code 6. **********PLEASE UPDATE YOUR VIDEO DRIVERS*********
[2019.07.06-22.34.32:612][  0]LogContentBrowser: Native class hierarchy updated for 'HierarchicalLODOutliner' in 0.0007 seconds. Added 0 classes and 0 folders.
[2019.07.06-22.34.32:613][  0]LogLoad: (Engine Initialization) Total time: 26.28 seconds
[2019.07.06-22.34.32:613][  0]LogLoad: (Engine Initialization) Total Blueprint compile time: 0.00 seconds
[2019.07.06-22.34.32:734][  0]LogContentStreaming: Texture pool size now 600 MB
[2019.07.06-22.34.32:772][  0]LogSlate: Took 0.000486 seconds to synchronously load lazily loaded font '../../../Engine/Content/Slate/Fonts/Roboto-Light.ttf' (167K)
[2019.07.06-22.34.34:435][  4]LogSlate: Took 0.000418 seconds to synchronously load lazily loaded font '../../../Engine/Content/Slate/Fonts/Roboto-Light.ttf' (167K)
[2019.07.06-22.34.34:636][  7]LogAssetRegistry: Asset discovery search completed in 20.3660 seconds
[2019.07.06-22.34.34:640][  7]LogCollectionManager: Rebuilt the object cache for 0 collections in 0.000001 seconds (found 0 objects)
[2019.07.06-22.34.34:641][  7]LogCollectionManager: Fixed up redirectors for 0 collections in 0.000266 seconds (updated 0 objects)
[2019.07.06-22.34.36:218][ 12]LogSlate: FSceneViewport::OnFocusLost() reason 0
[2019.07.06-22.34.38:202][101]LogAssetEditorManager: Opening Asset editor for Blueprint /Game/VirtualRealityBP/Blueprints/BP_MotionController.BP_MotionController
[2019.07.06-22.34.39:443][101]LogContentBrowser: Native class hierarchy updated for 'BlueprintGraph' in 0.0014 seconds. Added 117 classes and 0 folders.
[2019.07.06-22.34.41:381][101]LogSlate: Took 0.000432 seconds to synchronously load lazily loaded font '../../../Engine/Content/Slate/Fonts/Roboto-BoldCondensed.ttf' (158K)
[2019.07.06-22.34.41:833][102]LogSlate: Took 0.000403 seconds to synchronously load lazily loaded font '../../../Engine/Content/Slate/Fonts/Roboto-Italic.ttf' (157K)
[2019.07.06-22.34.50:613][587]BlueprintLog: New page: Compile BP_MotionController
[2019.07.06-22.34.52:873][610]LogSavePackage: Moving '../../../../../../Users/Samuel/Documents/GitHub/CFE_CasaRV/CasaCFE/Saved/BP_MotionControllerB7D806BB4D4BE432B9AF5896FCBF8844.tmp' to '../../../../../../Users/Samuel/Documents/GitHub/CFE_CasaRV/CasaCFE/Content/VirtualRealityBP/Blueprints/BP_MotionController.uasset'
[2019.07.06-22.34.56:987][841]LogAssetEditorManager: Opening Asset editor for Blueprint /Game/VirtualRealityBP/Blueprints/MotionControllerPawn.MotionControllerPawn
[2019.07.06-22.35.09:021][385]LogBlueprintUserMessages: Early PlayInEditor Detection: Level '/Game/ModernKitchen/Maps/KitchenScene.KitchenScene:PersistentLevel' has LevelScriptBlueprint '/Game/ModernKitchen/Maps/KitchenScene.KitchenScene:PersistentLevel.KitchenScene' with GeneratedClass '/Game/ModernKitchen/Maps/KitchenScene.KitchenScene_C' with ClassGeneratedBy '/Game/ModernKitchen/Maps/KitchenScene.KitchenScene:PersistentLevel.KitchenScene'
[2019.07.06-22.35.09:021][385]LogPlayLevel: PlayLevel: No blueprints needed recompiling
[2019.07.06-22.35.09:022][385]PIE: New page: SIE session: KitchenScene (Jul 6, 2019, 12:35:09 PM)
[2019.07.06-22.35.09:039][385]LogPlayLevel: Creating play world package: /Game/ModernKitchen/Maps/UEDPIE_0_KitchenScene
[2019.07.06-22.35.09:088][385]LogPlayLevel: PIE: StaticDuplicateObject took: (0.048843s)
[2019.07.06-22.35.09:089][385]LogAIModule: Creating AISystem for world KitchenScene
[2019.07.06-22.35.09:090][385]LogPlayLevel: PIE: World Init took: (0.002054s)
[2019.07.06-22.35.09:091][385]LogPlayLevel: PIE: Created PIE world by copying editor world from /Game/ModernKitchen/Maps/KitchenScene.KitchenScene to /Game/ModernKitchen/Maps/UEDPIE_0_KitchenScene.KitchenScene (0.051873s)
[2019.07.06-22.35.09:187][385]LogInit: XAudio2 using 'Altavoces (Conexant SmartAudio HD)' : 2 channels at 48 kHz using 32 bits per sample (channel mask 0x3)
[2019.07.06-22.35.09:259][385]LogInit: FAudioDevice initialized.
