Log file open, 06/06/19 20:28:12
LogWindows: Failed to load 'aqProf.dll' (GetLastError=126)
LogWindows: File 'aqProf.dll' does not exist
LogWindows: Failed to load 'VtuneApi.dll' (GetLastError=126)
LogWindows: File 'VtuneApi.dll' does not exist
LogWindows: Failed to load 'VtuneApi32e.dll' (GetLastError=126)
LogWindows: File 'VtuneApi32e.dll' does not exist
LogConsoleResponse: Display: Failed to find resolution value strings in scalability ini. Falling back to default.
LogInit: Display: Running engine for game: CasaRV_CFE
LogPakFile: Registered encryption key '00000000000000000000000000000000': 0 pak files mounted, 0 remain pending
LogPlatformFile: Not using cached read wrapper
LogTaskGraph: Started task graph with 5 named threads and 14 total threads with 3 sets of task threads.
LogStats: Stats thread started at 38.036513
LogD3D11RHI: Loaded GFSDK_Aftermath_Lib.x64.dll
LogICUInternationalization: ICU TimeZone Detection - Raw Offset: -6:00, Platform Override: ''
LogPluginManager: Mounting plugin Paper2D
LogPluginManager: Mounting plugin AISupport
LogPluginManager: Mounting plugin LightPropagationVolume
LogPluginManager: Mounting plugin ActorLayerUtilities
LogPluginManager: Mounting plugin CLionSourceCodeAccess
LogPluginManager: Mounting plugin CodeLiteSourceCodeAccess
LogPluginManager: Mounting plugin GitSourceControl
LogPluginManager: Mounting plugin KDevelopSourceCodeAccess
LogPluginManager: Mounting plugin NullSourceCodeAccess
LogPluginManager: Mounting plugin PerforceSourceControl
LogPluginManager: Mounting plugin SubversionSourceControl
LogPluginManager: Mounting plugin UObjectPlugin
LogPluginManager: Mounting plugin VisualStudioCodeSourceCodeAccess
LogPluginManager: Mounting plugin VisualStudioSourceCodeAccess
LogPluginManager: Mounting plugin XCodeSourceCodeAccess
LogPluginManager: Mounting plugin AssetManagerEditor
LogPluginManager: Mounting plugin CryptoKeys
LogPluginManager: Mounting plugin DataValidation
LogPluginManager: Mounting plugin FacialAnimation
LogPluginManager: Mounting plugin GameplayTagsEditor
LogPluginManager: Mounting plugin MacGraphicsSwitching
LogPluginManager: Mounting plugin MeshEditor
LogPluginManager: Mounting plugin MobileLauncherProfileWizard
LogPluginManager: Mounting plugin PluginBrowser
LogPluginManager: Mounting plugin SpeedTreeImporter
LogPluginManager: Mounting plugin DatasmithContent
LogPluginManager: Mounting plugin VariantManagerContent
LogPluginManager: Mounting plugin AlembicImporter
LogPluginManager: Mounting plugin AppleImageUtils
LogPluginManager: Mounting plugin AppleVision
LogPluginManager: Mounting plugin BackChannel
LogPluginManager: Mounting plugin CharacterAI
LogPluginManager: Mounting plugin GeometryCache
LogPluginManager: Mounting plugin HTML5Networking
LogPluginManager: Mounting plugin ProxyLODPlugin
LogPluginManager: Mounting plugin MagicLeap
LogPluginManager: Mounting plugin MagicLeapMedia
LogPluginManager: Mounting plugin AndroidMedia
LogPluginManager: Mounting plugin AvfMedia
LogPluginManager: Mounting plugin ImgMedia
LogPluginManager: Mounting plugin LinearTimecode
LogPluginManager: Mounting plugin MediaCompositing
LogPluginManager: Mounting plugin MediaPlayerEditor
LogPluginManager: Mounting plugin WebMMedia
LogPluginManager: Mounting plugin WmfMedia
LogPluginManager: Mounting plugin TcpMessaging
LogPluginManager: Mounting plugin UdpMessaging
LogPluginManager: Mounting plugin ActorSequence
LogPluginManager: Mounting plugin LevelSequenceEditor
LogPluginManager: Mounting plugin MatineeToLevelSequence
LogPluginManager: Mounting plugin NetcodeUnitTest
LogPluginManager: Mounting plugin NUTUnrealEngine4
LogPluginManager: Mounting plugin OnlineSubsystemGooglePlay
LogPluginManager: Mounting plugin OnlineSubsystemIOS
LogPluginManager: Mounting plugin OnlineSubsystem
LogPluginManager: Mounting plugin OnlineSubsystemNull
LogPluginManager: Mounting plugin OnlineSubsystemUtils
LogPluginManager: Mounting plugin LauncherChunkInstaller
LogPluginManager: Mounting plugin AndroidDeviceProfileSelector
LogPluginManager: Mounting plugin AndroidMoviePlayer
LogPluginManager: Mounting plugin AndroidPermission
LogPluginManager: Mounting plugin AppleMoviePlayer
LogPluginManager: Mounting plugin ArchVisCharacter
LogPluginManager: Mounting plugin AudioCapture
LogPluginManager: Mounting plugin CableComponent
LogPluginManager: Mounting plugin CustomMeshComponent
LogPluginManager: Mounting plugin EditableMesh
LogPluginManager: Mounting plugin ExampleDeviceProfileSelector
LogPluginManager: Mounting plugin Firebase
LogPluginManager: Mounting plugin GoogleCloudMessaging
LogPluginManager: Mounting plugin IOSDeviceProfileSelector
LogPluginManager: Mounting plugin LinuxDeviceProfileSelector
LogPluginManager: Mounting plugin LocationServicesBPLibrary
LogPluginManager: Mounting plugin MobilePatchingUtils
LogPluginManager: Mounting plugin OculusVR
LogPluginManager: Mounting plugin PhysXVehicles
LogPluginManager: Mounting plugin ProceduralMeshComponent
LogPluginManager: Mounting plugin RuntimePhysXCooking
LogPluginManager: Mounting plugin SteamVR
LogPluginManager: Mounting plugin WebMMoviePlayer
LogPluginManager: Mounting plugin WindowsMoviePlayer
LogStreaming: Display: Took  1.948s to configure plugins.
LogInit: Using libcurl 7.55.1-DEV
LogInit:  - built for x86_64-pc-win32
LogInit:  - supports SSL with OpenSSL/1.0.2h
LogInit:  - supports HTTP deflate (compression) using libz 1.2.8
LogInit:  - other features:
LogInit:      CURL_VERSION_SSL
LogInit:      CURL_VERSION_LIBZ
LogInit:      CURL_VERSION_IPV6
LogInit:      CURL_VERSION_ASYNCHDNS
LogInit:      CURL_VERSION_LARGEFILE
LogInit:      CURL_VERSION_IDN
LogInit:  CurlRequestOptions (configurable via config and command line):
LogInit:  - bVerifyPeer = true  - Libcurl will verify peer certificate
LogInit:  - bUseHttpProxy = false  - Libcurl will NOT use HTTP proxy
LogInit:  - bDontReuseConnections = false  - Libcurl will reuse connections
LogInit:  - MaxHostConnections = 16  - Libcurl will limit the number of connections to a host
LogInit:  - LocalHostAddr = Default
LogInit:  - BufferSize = 65536
LogInit: WinSock: version 1.1 (2.2), MaxSocks=32767, MaxUdp=65467
LogInit: Build: ++UE4+Release-4.21-CL-4753647
LogInit: Engine Version: 4.21.2-4753647+++UE4+Release-4.21
LogInit: Compatible Engine Version: 4.21.0-4541578+++UE4+Release-4.21
LogInit: Net CL: 4541578
LogInit: OS: Windows 7 (Service Pack 1), CPU:         Intel(R) Core(TM) i5-3570 CPU @ 3.40GHz, GPU: AMD Radeon HD 7000 series
LogInit: Compiled (64-bit): Jan 19 2019 02:07:31
LogInit: Compiled with Visual C++: 19.13.26129.00
LogInit: Build Configuration: Development
LogInit: Branch Name: ++UE4+Release-4.21
LogInit: Command Line: 
LogInit: Base Directory: C:/Program Files/Epic Games/UE_4.21/Engine/Binaries/Win64/
LogInit: Installed Engine Build: 1
LogDevObjectVersion: Number of dev versions registered: 22
LogDevObjectVersion:   Dev-Blueprints (B0D832E4-1F89-4F0D-ACCF-7EB736FD4AA2): 10
LogDevObjectVersion:   Dev-Build (E1C64328-A22C-4D53-A36C-8E866417BD8C): 0
LogDevObjectVersion:   Dev-Core (375EC13C-06E4-48FB-B500-84F0262A717E): 2
LogDevObjectVersion:   Dev-Editor (E4B068ED-F494-42E9-A231-DA0B2E46BB41): 26
LogDevObjectVersion:   Dev-Framework (CFFC743F-43B0-4480-9391-14DF171D2073): 34
LogDevObjectVersion:   Dev-Mobile (B02B49B5-BB20-44E9-A304-32B752E40360): 2
LogDevObjectVersion:   Dev-Networking (A4E4105C-59A1-49B5-A7C5-40C4547EDFEE): 0
LogDevObjectVersion:   Dev-Online (39C831C9-5AE6-47DC-9A44-9C173E1C8E7C): 0
LogDevObjectVersion:   Dev-Physics (78F01B33-EBEA-4F98-B9B4-84EACCB95AA2): 0
LogDevObjectVersion:   Dev-Platform (6631380F-2D4D-43E0-8009-CF276956A95A): 0
LogDevObjectVersion:   Dev-Rendering (12F88B9F-8875-4AFC-A67C-D90C383ABD29): 27
LogDevObjectVersion:   Dev-Sequencer (7B5AE74C-D270-4C10-A958-57980B212A5A): 9
LogDevObjectVersion:   Dev-VR (D7296918-1DD6-4BDD-9DE2-64A83CC13884): 2
LogDevObjectVersion:   Dev-LoadTimes (C2A15278-BFE7-4AFE-6C17-90FF531DF755): 1
LogDevObjectVersion:   Private-Geometry (6EACA3D4-40EC-4CC1-B786-8BED09428FC5): 3
LogDevObjectVersion:   Dev-AnimPhys (29E575DD-E0A3-4627-9D10-D276232CDCEA): 17
LogDevObjectVersion:   Dev-Anim (AF43A65D-7FD3-4947-9873-3E8ED9C1BB05): 2
LogDevObjectVersion:   Dev-ReflectionCapture (6B266CEC-1EC7-4B8F-A30B-E4D90942FC07): 1
LogDevObjectVersion:   Dev-Automation (0DF73D61-A23F-47EA-B727-89E90C41499A): 1
LogDevObjectVersion:   FortniteMain (601D1886-AC64-4F84-AA16-D3DE0DEAC7D6): 17
LogDevObjectVersion:   Dev-Enterprise (9DFFBCD6-494F-0158-E221-12823C92A888): 4
LogDevObjectVersion:   Dev-Niagara (F2AED0AC-9AFE-416F-8664-AA7FFA26D6FC): 1
LogStreaming: Display: Took  0.090s to delete old logs.
LogInit: Presizing for max 8388607 objects, including 0 objects not considered by GC, pre-allocating 0 bytes for permanent pool.
LogInit: Object subsystem initialized
LogConfig: Setting CVar [[con.DebugEarlyDefault:1]]
LogConfig: Setting CVar [[r.setres:1280x720]]
[2019.06.07-01.28.29:062][  0]LogConfig: Setting CVar [[r.VSync:0]]
[2019.06.07-01.28.29:062][  0]LogConfig: Setting CVar [[r.RHICmdBypass:0]]
[2019.06.07-01.28.29:062][  0]LogConfig: Applying CVar settings from Section [/Script/Engine.RendererSettings] File [C:/Users/Jerson/Documents/GitHub/CFE_CasaRV/CasaCFE/Saved/Config/Windows/Engine.ini]
[2019.06.07-01.28.29:062][  0]LogConfig: Setting CVar [[r.GPUCrashDebugging:0]]
[2019.06.07-01.28.29:062][  0]LogConfig: Setting CVar [[r.DefaultFeature.AmbientOcclusion:0]]
[2019.06.07-01.28.29:062][  0]LogConfig: Setting CVar [[r.DefaultFeature.AmbientOcclusionStaticFraction:0]]
[2019.06.07-01.28.29:062][  0]LogConfig: Setting CVar [[vr.InstancedStereo:1]]
[2019.06.07-01.28.29:062][  0]LogConfig: Setting CVar [[r.SeparateTranslucency:0]]
[2019.06.07-01.28.29:062][  0]LogConfig: Setting CVar [[r.HZBOcclusion:0]]
[2019.06.07-01.28.29:062][  0]LogConfig: Setting CVar [[r.SSR.MaxRoughness:0]]
[2019.06.07-01.28.29:062][  0]LogConfig: Setting CVar [[r.rhicmdbypass:0]]
[2019.06.07-01.28.29:062][  0]LogConfig: Applying CVar settings from Section [/Script/Engine.RendererOverrideSettings] File [C:/Users/Jerson/Documents/GitHub/CFE_CasaRV/CasaCFE/Saved/Config/Windows/Engine.ini]
[2019.06.07-01.28.29:062][  0]LogConfig: Applying CVar settings from Section [/Script/Engine.StreamingSettings] File [C:/Users/Jerson/Documents/GitHub/CFE_CasaRV/CasaCFE/Saved/Config/Windows/Engine.ini]
[2019.06.07-01.28.29:062][  0]LogConfig: Setting CVar [[s.MinBulkDataSizeForAsyncLoading:131072]]
[2019.06.07-01.28.29:062][  0]LogConfig: Setting CVar [[s.AsyncLoadingThreadEnabled:0]]
[2019.06.07-01.28.29:062][  0]LogConfig: Setting CVar [[s.EventDrivenLoaderEnabled:1]]
[2019.06.07-01.28.29:062][  0]LogConfig: Setting CVar [[s.WarnIfTimeLimitExceeded:0]]
[2019.06.07-01.28.29:062][  0]LogConfig: Setting CVar [[s.TimeLimitExceededMultiplier:1.5]]
[2019.06.07-01.28.29:062][  0]LogConfig: Setting CVar [[s.TimeLimitExceededMinTime:0.005]]
[2019.06.07-01.28.29:062][  0]LogConfig: Setting CVar [[s.UseBackgroundLevelStreaming:1]]
[2019.06.07-01.28.29:062][  0]LogConfig: Setting CVar [[s.PriorityAsyncLoadingExtraTime:15.0]]
[2019.06.07-01.28.29:062][  0]LogConfig: Setting CVar [[s.LevelStreamingActorsUpdateTimeLimit:5.0]]
[2019.06.07-01.28.29:062][  0]LogConfig: Setting CVar [[s.PriorityLevelStreamingActorsUpdateExtraTime:5.0]]
[2019.06.07-01.28.29:062][  0]LogConfig: Setting CVar [[s.LevelStreamingComponentsRegistrationGranularity:10]]
[2019.06.07-01.28.29:062][  0]LogConfig: Setting CVar [[s.UnregisterComponentsTimeLimit:1.0]]
[2019.06.07-01.28.29:062][  0]LogConfig: Setting CVar [[s.LevelStreamingComponentsUnregistrationGranularity:5]]
[2019.06.07-01.28.29:062][  0]LogConfig: Applying CVar settings from Section [/Script/Engine.GarbageCollectionSettings] File [C:/Users/Jerson/Documents/GitHub/CFE_CasaRV/CasaCFE/Saved/Config/Windows/Engine.ini]
[2019.06.07-01.28.29:063][  0]LogConfig: Setting CVar [[gc.MaxObjectsNotConsideredByGC:1]]
[2019.06.07-01.28.29:063][  0]LogConfig: Setting CVar [[gc.SizeOfPermanentObjectPool:0]]
[2019.06.07-01.28.29:063][  0]LogConfig: Setting CVar [[gc.FlushStreamingOnGC:0]]
[2019.06.07-01.28.29:063][  0]LogConfig: Setting CVar [[gc.NumRetriesBeforeForcingGC:10]]
[2019.06.07-01.28.29:063][  0]LogConfig: Setting CVar [[gc.AllowParallelGC:1]]
[2019.06.07-01.28.29:063][  0]LogConfig: Setting CVar [[gc.TimeBetweenPurgingPendingKillObjects:61.1]]
[2019.06.07-01.28.29:063][  0]LogConfig: Setting CVar [[gc.MaxObjectsInEditor:8388607]]
[2019.06.07-01.28.29:063][  0]LogConfig: Setting CVar [[gc.IncrementalBeginDestroyEnabled:1]]
[2019.06.07-01.28.29:063][  0]LogConfig: Setting CVar [[gc.CreateGCClusters:1]]
[2019.06.07-01.28.29:063][  0]LogConfig: Setting CVar [[gc.MergeGCClusters:0]]
[2019.06.07-01.28.29:063][  0]LogConfig: Setting CVar [[gc.MinGCClusterSize:5]]
[2019.06.07-01.28.29:063][  0]LogConfig: Setting CVar [[gc.ActorClusteringEnabled:0]]
[2019.06.07-01.28.29:063][  0]LogConfig: Setting CVar [[gc.BlueprintClusteringEnabled:0]]
[2019.06.07-01.28.29:063][  0]LogConfig: Setting CVar [[gc.UseDisregardForGCOnDedicatedServers:0]]
[2019.06.07-01.28.29:063][  0]LogConfig: Applying CVar settings from Section [/Script/Engine.NetworkSettings] File [C:/Users/Jerson/Documents/GitHub/CFE_CasaRV/CasaCFE/Saved/Config/Windows/Engine.ini]
[2019.06.07-01.28.29:063][  0]LogConfig: Applying CVar settings from Section [/Script/UnrealEd.CookerSettings] File [C:/Users/Jerson/Documents/GitHub/CFE_CasaRV/CasaCFE/Saved/Config/Windows/Engine.ini]
[2019.06.07-01.28.29:170][  0]LogConfig: Applying CVar settings from Section [ViewDistanceQuality@3] File [C:/Users/Jerson/Documents/GitHub/CFE_CasaRV/CasaCFE/Saved/Config/Windows/Scalability.ini]
[2019.06.07-01.28.29:170][  0]LogConfig: Setting CVar [[r.SkeletalMeshLODBias:0]]
[2019.06.07-01.28.29:170][  0]LogConfig: Setting CVar [[r.ViewDistanceScale:1.0]]
[2019.06.07-01.28.29:170][  0]LogConfig: Applying CVar settings from Section [AntiAliasingQuality@3] File [C:/Users/Jerson/Documents/GitHub/CFE_CasaRV/CasaCFE/Saved/Config/Windows/Scalability.ini]
[2019.06.07-01.28.29:170][  0]LogConfig: Setting CVar [[r.PostProcessAAQuality:3]]
[2019.06.07-01.28.29:170][  0]LogConfig: Applying CVar settings from Section [ShadowQuality@3] File [C:/Users/Jerson/Documents/GitHub/CFE_CasaRV/CasaCFE/Saved/Config/Windows/Scalability.ini]
[2019.06.07-01.28.29:170][  0]LogConfig: Setting CVar [[r.LightFunctionQuality:1]]
[2019.06.07-01.28.29:170][  0]LogConfig: Setting CVar [[r.ShadowQuality:5]]
[2019.06.07-01.28.29:170][  0]LogConfig: Setting CVar [[r.Shadow.CSM.MaxCascades:10]]
[2019.06.07-01.28.29:170][  0]LogConfig: Setting CVar [[r.Shadow.MaxResolution:2048]]
[2019.06.07-01.28.29:170][  0]LogConfig: Setting CVar [[r.Shadow.MaxCSMResolution:2048]]
[2019.06.07-01.28.29:170][  0]LogConfig: Setting CVar [[r.Shadow.RadiusThreshold:0.01]]
[2019.06.07-01.28.29:170][  0]LogConfig: Setting CVar [[r.Shadow.DistanceScale:1.0]]
[2019.06.07-01.28.29:170][  0]LogConfig: Setting CVar [[r.Shadow.CSM.TransitionScale:1.0]]
[2019.06.07-01.28.29:170][  0]LogConfig: Setting CVar [[r.Shadow.PreShadowResolutionFactor:1.0]]
[2019.06.07-01.28.29:170][  0]LogConfig: Setting CVar [[r.DistanceFieldShadowing:1]]
[2019.06.07-01.28.29:170][  0]LogConfig: Setting CVar [[r.DistanceFieldAO:1]]
[2019.06.07-01.28.29:170][  0]LogConfig: Setting CVar [[r.AOQuality:2]]
[2019.06.07-01.28.29:170][  0]LogConfig: Setting CVar [[r.VolumetricFog:1]]
[2019.06.07-01.28.29:170][  0]LogConfig: Setting CVar [[r.VolumetricFog.GridPixelSize:8]]
[2019.06.07-01.28.29:170][  0]LogConfig: Setting CVar [[r.VolumetricFog.GridSizeZ:128]]
[2019.06.07-01.28.29:170][  0]LogConfig: Setting CVar [[r.VolumetricFog.HistoryMissSupersampleCount:4]]
[2019.06.07-01.28.29:170][  0]LogConfig: Setting CVar [[r.LightMaxDrawDistanceScale:1]]
[2019.06.07-01.28.29:170][  0]LogConfig: Setting CVar [[r.CapsuleShadows:1]]
[2019.06.07-01.28.29:170][  0]LogConfig: Applying CVar settings from Section [PostProcessQuality@3] File [C:/Users/Jerson/Documents/GitHub/CFE_CasaRV/CasaCFE/Saved/Config/Windows/Scalability.ini]
[2019.06.07-01.28.29:170][  0]LogConfig: Setting CVar [[r.MotionBlurQuality:0]]
[2019.06.07-01.28.29:170][  0]LogConfig: Setting CVar [[r.AmbientOcclusionMipLevelFactor:0.4]]
[2019.06.07-01.28.29:170][  0]LogConfig: Setting CVar [[r.AmbientOcclusionMaxQuality:100]]
[2019.06.07-01.28.29:170][  0]LogConfig: Setting CVar [[r.AmbientOcclusionLevels:0]]
[2019.06.07-01.28.29:170][  0]LogConfig: Setting CVar [[r.AmbientOcclusionRadiusScale:1.0]]
[2019.06.07-01.28.29:170][  0]LogConfig: Setting CVar [[r.DepthOfFieldQuality:0]]
[2019.06.07-01.28.29:170][  0]LogConfig: Setting CVar [[r.RenderTargetPoolMin:400]]
[2019.06.07-01.28.29:170][  0]LogConfig: Setting CVar [[r.LensFlareQuality:0]]
[2019.06.07-01.28.29:170][  0]LogConfig: Setting CVar [[r.SceneColorFringeQuality:0]]
[2019.06.07-01.28.29:170][  0]LogConfig: Setting CVar [[r.EyeAdaptationQuality:2]]
[2019.06.07-01.28.29:170][  0]LogConfig: Setting CVar [[r.BloomQuality:1]]
[2019.06.07-01.28.29:170][  0]LogConfig: Setting CVar [[r.FastBlurThreshold:0]]
[2019.06.07-01.28.29:170][  0]LogConfig: Setting CVar [[r.Upscale.Quality:3]]
[2019.06.07-01.28.29:170][  0]LogConfig: Setting CVar [[r.Tonemapper.GrainQuantization:1]]
[2019.06.07-01.28.29:170][  0]LogConfig: Setting CVar [[r.LightShaftQuality:1]]
[2019.06.07-01.28.29:170][  0]LogConfig: Setting CVar [[r.Filter.SizeScale:1]]
[2019.06.07-01.28.29:170][  0]LogConfig: Setting CVar [[r.Tonemapper.Quality:5]]
[2019.06.07-01.28.29:170][  0]LogConfig: Setting CVar [[r.DOF.Gather.AccumulatorQuality:1        ; higher gathering accumulator quality]]
[2019.06.07-01.28.29:170][  0]LogConfig: Setting CVar [[r.DOF.Gather.PostfilterMethod:1          ; Median3x3 postfilering method]]
[2019.06.07-01.28.29:170][  0]LogConfig: Setting CVar [[r.DOF.Gather.EnableBokehSettings:0       ; no bokeh simulation when gathering]]
[2019.06.07-01.28.29:170][  0]LogConfig: Setting CVar [[r.DOF.Gather.RingCount:4                 ; medium number of samples when gathering]]
[2019.06.07-01.28.29:170][  0]LogConfig: Setting CVar [[r.DOF.Scatter.ForegroundCompositing:1    ; additive foreground scattering]]
[2019.06.07-01.28.29:170][  0]LogConfig: Setting CVar [[r.DOF.Scatter.BackgroundCompositing:2    ; additive background scattering]]
[2019.06.07-01.28.29:170][  0]LogConfig: Setting CVar [[r.DOF.Scatter.EnableBokehSettings:1      ; bokeh simulation when scattering]]
[2019.06.07-01.28.29:170][  0]LogConfig: Setting CVar [[r.DOF.Scatter.MaxSpriteRatio:0.1         ; only a maximum of 10% of scattered bokeh]]
[2019.06.07-01.28.29:170][  0]LogConfig: Setting CVar [[r.DOF.Recombine.Quality:1                ; cheap slight out of focus]]
[2019.06.07-01.28.29:170][  0]LogConfig: Setting CVar [[r.DOF.Recombine.EnableBokehSettings:0    ; no bokeh simulation on slight out of focus]]
[2019.06.07-01.28.29:170][  0]LogConfig: Setting CVar [[r.DOF.TemporalAAQuality:1                ; more stable temporal accumulation]]
[2019.06.07-01.28.29:170][  0]LogConfig: Setting CVar [[r.DOF.Kernel.MaxForegroundRadius:0.025]]
[2019.06.07-01.28.29:170][  0]LogConfig: Setting CVar [[r.DOF.Kernel.MaxBackgroundRadius:0.025]]
[2019.06.07-01.28.29:170][  0]LogConfig: Applying CVar settings from Section [TextureQuality@3] File [C:/Users/Jerson/Documents/GitHub/CFE_CasaRV/CasaCFE/Saved/Config/Windows/Scalability.ini]
[2019.06.07-01.28.29:170][  0]LogConfig: Setting CVar [[r.Streaming.MipBias:0]]
[2019.06.07-01.28.29:170][  0]LogConfig: Setting CVar [[r.Streaming.AmortizeCPUToGPUCopy:0]]
[2019.06.07-01.28.29:170][  0]LogConfig: Setting CVar [[r.Streaming.MaxNumTexturesToStreamPerFrame:0]]
[2019.06.07-01.28.29:170][  0]LogConfig: Setting CVar [[r.Streaming.Boost:1]]
[2019.06.07-01.28.29:170][  0]LogConfig: Setting CVar [[r.MaxAnisotropy:8]]
[2019.06.07-01.28.29:170][  0]LogConfig: Setting CVar [[r.Streaming.LimitPoolSizeToVRAM:0]]
[2019.06.07-01.28.29:171][  0]LogConfig: Setting CVar [[r.Streaming.PoolSize:1000]]
[2019.06.07-01.28.29:171][  0]LogConfig: Setting CVar [[r.Streaming.MaxEffectiveScreenSize:0]]
[2019.06.07-01.28.29:171][  0]LogConfig: Applying CVar settings from Section [EffectsQuality@3] File [C:/Users/Jerson/Documents/GitHub/CFE_CasaRV/CasaCFE/Saved/Config/Windows/Scalability.ini]
[2019.06.07-01.28.29:171][  0]LogConfig: Setting CVar [[r.TranslucencyLightingVolumeDim:4]]
[2019.06.07-01.28.29:171][  0]LogConfig: Setting CVar [[r.RefractionQuality:2]]
[2019.06.07-01.28.29:171][  0]LogConfig: Setting CVar [[r.SSR.Quality:0]]
[2019.06.07-01.28.29:171][  0]LogConfig: Setting CVar [[r.SceneColorFormat:2]]
[2019.06.07-01.28.29:171][  0]LogConfig: Setting CVar [[r.DetailMode:2]]
[2019.06.07-01.28.29:171][  0]LogConfig: Setting CVar [[r.TranslucencyVolumeBlur:0]]
[2019.06.07-01.28.29:171][  0]LogConfig: Setting CVar [[r.MaterialQualityLevel:1 ; High quality]]
[2019.06.07-01.28.29:171][  0]LogConfig: Setting CVar [[r.SSS.Scale:1]]
[2019.06.07-01.28.29:171][  0]LogConfig: Setting CVar [[r.SSS.SampleSet:2]]
[2019.06.07-01.28.29:171][  0]LogConfig: Setting CVar [[r.SSS.Quality:1]]
[2019.06.07-01.28.29:171][  0]LogConfig: Setting CVar [[r.SSS.HalfRes:1]]
[2019.06.07-01.28.29:171][  0]LogConfig: Setting CVar [[r.EmitterSpawnRateScale:1.0]]
[2019.06.07-01.28.29:171][  0]LogConfig: Setting CVar [[r.ParticleLightQuality:2]]
[2019.06.07-01.28.29:171][  0]LogConfig: Applying CVar settings from Section [FoliageQuality@3] File [C:/Users/Jerson/Documents/GitHub/CFE_CasaRV/CasaCFE/Saved/Config/Windows/Scalability.ini]
[2019.06.07-01.28.29:171][  0]LogConfig: Setting CVar [[foliage.DensityScale:1.0]]
[2019.06.07-01.28.29:171][  0]LogConfig: Setting CVar [[grass.DensityScale:1.0]]
[2019.06.07-01.28.29:261][  0]LogInit: Selected Device Profile: [Windows]
[2019.06.07-01.28.29:261][  0]LogInit: Applying CVar settings loaded from the selected device profile: [Windows]
[2019.06.07-01.28.29:297][  0]LogHAL: Display: Platform has ~ 4 GB [4247310336 / 4294967296 / 4], which maps to Smallest [LargestMinGB=32, LargerMinGB=12, DefaultMinGB=8, SmallerMinGB=6, SmallestMinGB=0)
[2019.06.07-01.28.29:297][  0]LogConfig: Setting CVar [[r.Vulkan.UseRealUBs:1]]
[2019.06.07-01.28.29:297][  0]LogInit: Going up to parent DeviceProfile []
[2019.06.07-01.28.29:297][  0]LogConfig: Applying CVar settings from Section [ViewDistanceQuality@0] File [C:/Users/Jerson/Documents/GitHub/CFE_CasaRV/CasaCFE/Saved/Config/Windows/Scalability.ini]
[2019.06.07-01.28.29:297][  0]LogConfig: Setting CVar [[r.SkeletalMeshLODBias:2]]
[2019.06.07-01.28.29:297][  0]LogConfig: Setting CVar [[r.ViewDistanceScale:0.4]]
[2019.06.07-01.28.29:297][  0]LogConfig: Applying CVar settings from Section [AntiAliasingQuality@0] File [C:/Users/Jerson/Documents/GitHub/CFE_CasaRV/CasaCFE/Saved/Config/Windows/Scalability.ini]
[2019.06.07-01.28.29:297][  0]LogConfig: Setting CVar [[r.PostProcessAAQuality:0]]
[2019.06.07-01.28.29:297][  0]LogConfig: Applying CVar settings from Section [ShadowQuality@0] File [C:/Users/Jerson/Documents/GitHub/CFE_CasaRV/CasaCFE/Saved/Config/Windows/Scalability.ini]
[2019.06.07-01.28.29:297][  0]LogConfig: Setting CVar [[r.LightFunctionQuality:0]]
[2019.06.07-01.28.29:297][  0]LogConfig: Setting CVar [[r.ShadowQuality:0]]
[2019.06.07-01.28.29:297][  0]LogConfig: Setting CVar [[r.Shadow.CSM.MaxCascades:1]]
[2019.06.07-01.28.29:297][  0]LogConfig: Setting CVar [[r.Shadow.MaxResolution:512]]
[2019.06.07-01.28.29:297][  0]LogConfig: Setting CVar [[r.Shadow.MaxCSMResolution:512]]
[2019.06.07-01.28.29:297][  0]LogConfig: Setting CVar [[r.Shadow.RadiusThreshold:0.06]]
[2019.06.07-01.28.29:297][  0]LogConfig: Setting CVar [[r.Shadow.DistanceScale:0.6]]
[2019.06.07-01.28.29:297][  0]LogConfig: Setting CVar [[r.Shadow.CSM.TransitionScale:0]]
[2019.06.07-01.28.29:297][  0]LogConfig: Setting CVar [[r.Shadow.PreShadowResolutionFactor:0.5]]
[2019.06.07-01.28.29:297][  0]LogConfig: Setting CVar [[r.DistanceFieldShadowing:0]]
[2019.06.07-01.28.29:297][  0]LogConfig: Setting CVar [[r.DistanceFieldAO:0]]
[2019.06.07-01.28.29:297][  0]LogConfig: Setting CVar [[r.VolumetricFog:0]]
[2019.06.07-01.28.29:297][  0]LogConfig: Setting CVar [[r.LightMaxDrawDistanceScale:0]]
[2019.06.07-01.28.29:297][  0]LogConfig: Setting CVar [[r.CapsuleShadows:0]]
[2019.06.07-01.28.29:297][  0]LogConfig: Applying CVar settings from Section [PostProcessQuality@0] File [C:/Users/Jerson/Documents/GitHub/CFE_CasaRV/CasaCFE/Saved/Config/Windows/Scalability.ini]
[2019.06.07-01.28.29:297][  0]LogConfig: Setting CVar [[r.MotionBlurQuality:0]]
[2019.06.07-01.28.29:297][  0]LogConfig: Setting CVar [[r.AmbientOcclusionMipLevelFactor:1.0]]
[2019.06.07-01.28.29:297][  0]LogConfig: Setting CVar [[r.AmbientOcclusionMaxQuality:0]]
[2019.06.07-01.28.29:297][  0]LogConfig: Setting CVar [[r.AmbientOcclusionLevels:0]]
[2019.06.07-01.28.29:297][  0]LogConfig: Setting CVar [[r.AmbientOcclusionRadiusScale:1.2]]
[2019.06.07-01.28.29:297][  0]LogConfig: Setting CVar [[r.DepthOfFieldQuality:0]]
[2019.06.07-01.28.29:297][  0]LogConfig: Setting CVar [[r.RenderTargetPoolMin:300]]
[2019.06.07-01.28.29:297][  0]LogConfig: Setting CVar [[r.LensFlareQuality:0]]
[2019.06.07-01.28.29:297][  0]LogConfig: Setting CVar [[r.SceneColorFringeQuality:0]]
[2019.06.07-01.28.29:297][  0]LogConfig: Setting CVar [[r.EyeAdaptationQuality:0]]
[2019.06.07-01.28.29:297][  0]LogConfig: Setting CVar [[r.BloomQuality:1]]
[2019.06.07-01.28.29:297][  0]LogConfig: Setting CVar [[r.FastBlurThreshold:0]]
[2019.06.07-01.28.29:297][  0]LogConfig: Setting CVar [[r.Upscale.Quality:1]]
[2019.06.07-01.28.29:297][  0]LogConfig: Setting CVar [[r.Tonemapper.GrainQuantization:0]]
[2019.06.07-01.28.29:297][  0]LogConfig: Setting CVar [[r.LightShaftQuality:0]]
[2019.06.07-01.28.29:297][  0]LogConfig: Setting CVar [[r.Filter.SizeScale:0.6]]
[2019.06.07-01.28.29:297][  0]LogConfig: Setting CVar [[r.Tonemapper.Quality:0]]
[2019.06.07-01.28.29:297][  0]LogConfig: Applying CVar settings from Section [TextureQuality@0] File [C:/Users/Jerson/Documents/GitHub/CFE_CasaRV/CasaCFE/Saved/Config/Windows/Scalability.ini]
[2019.06.07-01.28.29:297][  0]LogConfig: Setting CVar [[r.Streaming.MipBias:16]]
[2019.06.07-01.28.29:297][  0]LogConfig: Setting CVar [[r.Streaming.AmortizeCPUToGPUCopy:1]]
[2019.06.07-01.28.29:297][  0]LogConfig: Setting CVar [[r.Streaming.MaxNumTexturesToStreamPerFrame:1]]
[2019.06.07-01.28.29:297][  0]LogConfig: Setting CVar [[r.Streaming.Boost:0.3]]
[2019.06.07-01.28.29:297][  0]LogConfig: Setting CVar [[r.MaxAnisotropy:0]]
[2019.06.07-01.28.29:297][  0]LogConfig: Setting CVar [[r.Streaming.LimitPoolSizeToVRAM:1]]
[2019.06.07-01.28.29:297][  0]LogConfig: Setting CVar [[r.Streaming.PoolSize:400]]
[2019.06.07-01.28.29:297][  0]LogConfig: Setting CVar [[r.Streaming.MaxEffectiveScreenSize:0]]
[2019.06.07-01.28.29:297][  0]LogConfig: Applying CVar settings from Section [EffectsQuality@0] File [C:/Users/Jerson/Documents/GitHub/CFE_CasaRV/CasaCFE/Saved/Config/Windows/Scalability.ini]
[2019.06.07-01.28.29:297][  0]LogConfig: Setting CVar [[r.TranslucencyLightingVolumeDim:4]]
[2019.06.07-01.28.29:297][  0]LogConfig: Setting CVar [[r.RefractionQuality:0]]
[2019.06.07-01.28.29:297][  0]LogConfig: Setting CVar [[r.SSR.Quality:0]]
[2019.06.07-01.28.29:297][  0]LogConfig: Setting CVar [[r.SceneColorFormat:2]]
[2019.06.07-01.28.29:297][  0]LogConfig: Setting CVar [[r.DetailMode:0]]
[2019.06.07-01.28.29:297][  0]LogConfig: Setting CVar [[r.TranslucencyVolumeBlur:0]]
[2019.06.07-01.28.29:297][  0]LogConfig: Setting CVar [[r.MaterialQualityLevel:0 ; Low quality]]
[2019.06.07-01.28.29:298][  0]LogConfig: Setting CVar [[r.SSS.Scale:0]]
[2019.06.07-01.28.29:298][  0]LogConfig: Setting CVar [[r.SSS.SampleSet:0]]
[2019.06.07-01.28.29:298][  0]LogConfig: Setting CVar [[r.SSS.Quality:0]]
[2019.06.07-01.28.29:298][  0]LogConfig: Setting CVar [[r.SSS.HalfRes:1]]
[2019.06.07-01.28.29:298][  0]LogConfig: Setting CVar [[r.EmitterSpawnRateScale:0.125]]
[2019.06.07-01.28.29:298][  0]LogConfig: Setting CVar [[r.ParticleLightQuality:0]]
[2019.06.07-01.28.29:298][  0]LogConfig: Applying CVar settings from Section [FoliageQuality@0] File [C:/Users/Jerson/Documents/GitHub/CFE_CasaRV/CasaCFE/Saved/Config/Windows/Scalability.ini]
[2019.06.07-01.28.29:298][  0]LogConfig: Setting CVar [[foliage.DensityScale:0]]
[2019.06.07-01.28.29:298][  0]LogConfig: Setting CVar [[grass.DensityScale:0]]
[2019.06.07-01.28.29:298][  0]LogConfig: Applying CVar settings from Section [Startup] File [../../../Engine/Config/ConsoleVariables.ini]
[2019.06.07-01.28.29:298][  0]LogConfig: Setting CVar [[net.UseAdaptiveNetUpdateFrequency:0]]
[2019.06.07-01.28.29:298][  0]LogConfig: Applying CVar settings from Section [ConsoleVariables] File [C:/Users/Jerson/Documents/GitHub/CFE_CasaRV/CasaCFE/Saved/Config/Windows/Engine.ini]
[2019.06.07-01.28.29:560][  0]LogInit: Computer: JERSON-PC
[2019.06.07-01.28.29:560][  0]LogInit: User: Jerson
[2019.06.07-01.28.29:560][  0]LogInit: CPU Page size=4096, Cores=4
[2019.06.07-01.28.29:560][  0]LogInit: High frequency timer resolution =3.312919 MHz
[2019.06.07-01.28.29:560][  0]LogMemory: Memory total: Physical=4.0GB (4GB approx)
[2019.06.07-01.28.29:560][  0]LogMemory: Platform Memory Stats for Windows
[2019.06.07-01.28.29:560][  0]LogMemory: Process Physical Memory: 102.31 MB used, 102.31 MB peak
[2019.06.07-01.28.29:560][  0]LogMemory: Process Virtual Memory: 98.23 MB used, 98.23 MB peak
[2019.06.07-01.28.29:560][  0]LogMemory: Physical Memory: 2781.04 MB used,  1269.52 MB free, 4050.55 MB total
[2019.06.07-01.28.29:560][  0]LogMemory: Virtual Memory: 491.45 MB used,  8388116.50 MB free, 8388608.00 MB total
[2019.06.07-01.28.36:001][  0]LogInit: Using OS detected language (es-ES).
[2019.06.07-01.28.36:001][  0]LogInit: Using OS detected locale (es-ES).
[2019.06.07-01.28.36:430][  0]LogTextLocalizationManager: No specific localization for 'es-ES' exists, so the 'es' localization will be used.
[2019.06.07-01.28.48:566][  0]LogStreaming: Display: Took 12.584s to InitEngineTextLocalization.
[2019.06.07-01.28.48:566][  0]LogWindows: Failed to load 'shcore.dll' (GetLastError=126)
[2019.06.07-01.28.48:566][  0]LogWindows: File 'shcore.dll' does not exist
[2019.06.07-01.28.48:566][  0]LogInit: Setting process to DPI aware
[2019.06.07-01.28.50:544][  0]LogSlate: New Slate User Created.  User Index 0, Is Virtual User: 0
[2019.06.07-01.28.50:544][  0]LogSlate: Slate User Registered.  User Index 0, Is Virtual User: 0
[2019.06.07-01.29.01:136][  0]LogHMD: Failed to initialize OpenVR with code 110
[2019.06.07-01.29.01:136][  0]LogD3D11RHI: D3D11 adapters:
[2019.06.07-01.29.01:208][  0]LogD3D11RHI:    0. 'AMD Radeon HD 7000 series' (Feature Level 11_0)
[2019.06.07-01.29.01:208][  0]LogD3D11RHI:       1012/0/1769 MB DedicatedVideo/DedicatedSystem/SharedSystem, Outputs:1, VendorId:0x1002
[2019.06.07-01.29.01:208][  0]LogD3D11RHI: Chosen D3D11 Adapter: 0
[2019.06.07-01.29.01:213][  0]LogD3D11RHI: Creating new Direct3DDevice
[2019.06.07-01.29.01:214][  0]LogD3D11RHI:     GPU DeviceId: 0x6778 (for the marketing name, search the web for "GPU Device Id")
[2019.06.07-01.29.01:214][  0]LogWindows: EnumDisplayDevices:
[2019.06.07-01.29.01:214][  0]LogWindows:    0. 'AMD Radeon HD 7000 series' (P:1 D:1)
[2019.06.07-01.29.01:214][  0]LogWindows:    1. 'AMD Radeon HD 7000 series' (P:0 D:0)
[2019.06.07-01.29.01:214][  0]LogWindows:    2. 'AMD Radeon HD 7000 series' (P:0 D:0)
[2019.06.07-01.29.01:214][  0]LogWindows:    3. 'AMD Radeon HD 7000 series' (P:0 D:0)
[2019.06.07-01.29.01:214][  0]LogWindows:    4. 'RDPDD Chained DD' (P:0 D:0)
[2019.06.07-01.29.01:214][  0]LogWindows:    5. 'RDP Encoder Mirror Driver' (P:0 D:0)
[2019.06.07-01.29.01:214][  0]LogWindows:    6. 'RDP Reflector Display Driver' (P:0 D:0)
[2019.06.07-01.29.01:214][  0]LogWindows: DebugString: GetVideoDriverDetailsInvalid PrimaryIsNotTheChoosenAdapter GetVideoDriverDetailsInvalid PrimaryIsNotTheChoosenAdapter GetVideoDriverDetailsInvalid PrimaryIsNotTheChoosenAdapter FoundDriverCount:4 
[2019.06.07-01.29.01:214][  0]LogD3D11RHI:     Adapter Name: AMD Radeon HD 7000 series
[2019.06.07-01.29.01:214][  0]LogD3D11RHI:   Driver Version: Catalyst 15.7.1 (internal:15.200.1062.1004, unified:15.200.1062.1004)
[2019.06.07-01.29.01:214][  0]LogD3D11RHI:      Driver Date: 8-3-2015
[2019.06.07-01.29.01:214][  0]LogRHI: Texture pool is 708 MB (70% of 1012 MB)
[2019.06.07-01.29.04:110][  0]LogD3D11RHI: AMD Pre GCN architecture detected, some driver workarounds will be in place
[2019.06.07-01.29.04:116][  0]LogD3D11RHI: Async texture creation enabled
[2019.06.07-01.29.04:455][  0]LogD3D11RHI: GPU Timing Frequency: 27.000000 (Debug: 2 1)
[2019.06.07-01.29.11:136][  0]LogTemp: Display: Loaded TP AllDesktopTargetPlatform
[2019.06.07-01.29.11:302][  0]LogTemp: Display: Loaded TP MacClientTargetPlatform
[2019.06.07-01.29.11:455][  0]LogTemp: Display: Loaded TP MacNoEditorTargetPlatform
[2019.06.07-01.29.11:559][  0]LogTemp: Display: Loaded TP MacServerTargetPlatform
[2019.06.07-01.29.11:869][  0]LogTemp: Display: Loaded TP MacTargetPlatform
[2019.06.07-01.29.12:078][  0]LogTemp: Display: Loaded TP WindowsClientTargetPlatform
[2019.06.07-01.29.12:169][  0]LogTemp: Display: Loaded TP WindowsNoEditorTargetPlatform
[2019.06.07-01.29.12:336][  0]LogTemp: Display: Loaded TP WindowsServerTargetPlatform
[2019.06.07-01.29.12:603][  0]LogTemp: Display: Loaded TP WindowsTargetPlatform
[2019.06.07-01.29.12:922][  0]LogTemp: Display: Loaded TP AndroidTargetPlatform
[2019.06.07-01.29.12:922][  0]LogTemp: Display: Loaded TP AndroidTargetPlatform
[2019.06.07-01.29.12:922][  0]LogTemp: Display: Loaded TP AndroidTargetPlatform
[2019.06.07-01.29.12:922][  0]LogTemp: Display: Loaded TP AndroidTargetPlatform
[2019.06.07-01.29.12:922][  0]LogTemp: Display: Loaded TP AndroidTargetPlatform
[2019.06.07-01.29.12:922][  0]LogTemp: Display: Loaded TP AndroidTargetPlatform
[2019.06.07-01.29.12:922][  0]LogTemp: Display: Loaded TP AndroidTargetPlatform
[2019.06.07-01.29.12:922][  0]LogTemp: Display: Loaded TP AndroidTargetPlatform
[2019.06.07-01.29.12:922][  0]LogTemp: Display: Loaded TP AndroidTargetPlatform
[2019.06.07-01.29.12:922][  0]LogTemp: Display: Loaded TP AndroidTargetPlatform
[2019.06.07-01.29.12:922][  0]LogTemp: Display: Loaded TP AndroidTargetPlatform
[2019.06.07-01.29.12:922][  0]LogTemp: Display: Loaded TP AndroidTargetPlatform
[2019.06.07-01.29.12:922][  0]LogTemp: Display: Loaded TP AndroidTargetPlatform
[2019.06.07-01.29.12:922][  0]LogTemp: Display: Loaded TP AndroidTargetPlatform
[2019.06.07-01.29.12:922][  0]LogTemp: Display: Loaded TP AndroidTargetPlatform
[2019.06.07-01.29.12:922][  0]LogTemp: Display: Loaded TP AndroidTargetPlatform
[2019.06.07-01.29.12:923][  0]LogTemp: Display: Loaded TP AndroidTargetPlatform
[2019.06.07-01.29.12:923][  0]LogTemp: Display: Loaded TP AndroidTargetPlatform
[2019.06.07-01.29.13:092][  0]LogTemp: Display: Loaded TP HTML5TargetPlatform
[2019.06.07-01.29.13:536][  0]LogTemp: Display: Loaded TP IOSTargetPlatform
[2019.06.07-01.29.13:536][  0]LogTemp: Display: Loaded TP IOSTargetPlatform
[2019.06.07-01.29.13:649][  0]LogTemp: Display: Loaded TP TVOSTargetPlatform
[2019.06.07-01.29.13:649][  0]LogTemp: Display: Loaded TP TVOSTargetPlatform
[2019.06.07-01.29.13:695][  0]LogTemp: Display: Loaded TP LinuxClientTargetPlatform
[2019.06.07-01.29.13:713][  0]LogTemp: Display: Loaded TP LinuxNoEditorTargetPlatform
[2019.06.07-01.29.13:732][  0]LogTemp: Display: Loaded TP LinuxServerTargetPlatform
[2019.06.07-01.29.13:802][  0]LogTemp: Display: Loaded TP LinuxTargetPlatform
[2019.06.07-01.29.14:073][  0]LogTemp: Display: Loaded TP LuminTargetPlatform
[2019.06.07-01.29.14:073][  0]LogTemp: Display: Loaded TP LuminTargetPlatform
[2019.06.07-01.29.14:073][  0]LogTargetPlatformManager: Display: Building Assets For Windows
[2019.06.07-01.29.18:734][  0]LogShaderCompilers: Guid format shader working directory is -19 characters bigger than the processId version (../../../../../../Users/Jerson/Documents/GitHub/CFE_CasaRV/CasaCFE/Intermediate/Shaders/WorkingDirectory/7716/).
[2019.06.07-01.29.18:734][  0]LogShaderCompilers: Cleaned the shader compiler working directory 'C:/Users/Jerson/AppData/Local/Temp/UnrealShaderWorkingDir/ABE327564DB80BD2B589348D6076432F/'.
[2019.06.07-01.29.18:846][  0]LogXGEController: Cannot use XGE Controller as Incredibuild is not installed on this machine.
[2019.06.07-01.29.18:846][  0]LogShaderCompilers: Cannot use XGE Shader Compiler as Incredibuild is not installed on this machine.
[2019.06.07-01.29.18:846][  0]LogShaderCompilers: Display: Using Local Shader Compiler.
[2019.06.07-01.29.32:114][  0]LogDerivedDataCache: Display: Max Cache Size: 512 MB
[2019.06.07-01.29.33:228][  0]LogDerivedDataCache: Loaded boot cache 1.01s 72MB C:/Users/Jerson/AppData/Local/UnrealEngine/4.21/DerivedDataCache/Boot.ddc.
[2019.06.07-01.29.33:228][  0]LogDerivedDataCache: Display: Loaded Boot cache: C:/Users/Jerson/AppData/Local/UnrealEngine/4.21/DerivedDataCache/Boot.ddc
[2019.06.07-01.29.33:228][  0]LogDerivedDataCache: FDerivedDataBackendGraph:  Pak pak cache file ../../../../../../Users/Jerson/Documents/GitHub/CFE_CasaRV/CasaCFE/DerivedDataCache/DDC.ddp not found, will not use a pak cache.
[2019.06.07-01.29.33:229][  0]LogDerivedDataCache: Unable to find inner node Pak for hierarchical cache Hierarchy.
[2019.06.07-01.29.33:229][  0]LogDerivedDataCache: FDerivedDataBackendGraph:  CompressedPak pak cache file ../../../../../../Users/Jerson/Documents/GitHub/CFE_CasaRV/CasaCFE/DerivedDataCache/Compressed.ddp not found, will not use a pak cache.
[2019.06.07-01.29.33:229][  0]LogDerivedDataCache: Unable to find inner node CompressedPak for hierarchical cache Hierarchy.
[2019.06.07-01.29.33:291][  0]LogDerivedDataCache: Display: Pak cache opened for reading ../../../Engine/DerivedDataCache/Compressed.ddp.
[2019.06.07-01.29.33:291][  0]LogDerivedDataCache: FDerivedDataBackendGraph:  EnterprisePak pak cache file ../../../Enterprise/DerivedDataCache/Compressed.ddp not found, will not use a pak cache.
[2019.06.07-01.29.33:291][  0]LogDerivedDataCache: Unable to find inner node EnterprisePak for hierarchical cache Hierarchy.
[2019.06.07-01.29.33:302][  0]LogDerivedDataCache: Using Local data cache path C:/Users/Jerson/AppData/Local/UnrealEngine/Common/DerivedDataCache: Writable
[2019.06.07-01.29.33:302][  0]LogDerivedDataCache: Shared data cache path not found in *engine.ini, will not use an Shared cache.
[2019.06.07-01.29.33:302][  0]LogDerivedDataCache: Unable to find inner node Shared for hierarchical cache Hierarchy.
[2019.06.07-01.29.33:380][  0]LogMaterial: Verifying Global Shaders for PCD3D_SM5
[2019.06.07-01.29.33:409][  0]LogSlate: Using FreeType 2.6.0
[2019.06.07-01.29.33:542][  0]LogSlate: SlateFontServices - WITH_FREETYPE: 1, WITH_HARFBUZZ: 1
[2019.06.07-01.29.34:863][  0]LogAssetRegistry: FAssetRegistry took 0.0795 seconds to start up
[2019.06.07-01.29.41:020][  0]LogInit: Selected Device Profile: [Windows]
[2019.06.07-01.29.45:806][  0]LogSimplygon: Simplygon DLL not present - disabling.
[2019.06.07-01.29.46:653][  0]LogMeshReduction: Using SimplygonSwarm for distributed automatic mesh merging
[2019.06.07-01.29.46:674][  0]LogMeshReduction: Using ProxyLODMeshReduction for automatic mesh merging
[2019.06.07-01.29.46:727][  0]LogMeshReduction: Using QuadricMeshReduction for automatic static mesh reduction
[2019.06.07-01.29.46:727][  0]LogMeshReduction: No automatic skeletal mesh reduction module available
[2019.06.07-01.29.47:609][  0]LogNetVersion: CasaRV_CFE 1.0.0, NetCL: 4541578, EngineNetVer: 5, GameNetVer: 0 (Checksum: 735120185)
[2019.06.07-01.29.57:105][  0]LogPackageLocalizationCache: Processed 11 localized package path(s) for 2 prioritized culture(s) in 0.073749 seconds
[2019.06.07-01.29.57:140][  0]LogUObjectArray: 39775 objects as part of root set at end of initial load.
[2019.06.07-01.29.57:140][  0]LogUObjectAllocator: 6914656 out of 0 bytes used by permanent object pool.
[2019.06.07-01.29.57:140][  0]LogUObjectArray: CloseDisregardForGC: 0/0 objects in disregard for GC pool
[2019.06.07-01.30.22:038][  0]LogTcpMessaging: Initializing TcpMessaging bridge
[2019.06.07-01.30.22:060][  0]LogUdpMessaging: Initializing bridge on interface 0.0.0.0:0 to multicast group 230.0.0.1:6666.
[2019.06.07-01.30.24:340][  0]SourceControl: El control de código fuente está desactivado
[2019.06.07-01.30.27:333][  0]LogAndroidPermission: UAndroidPermissionCallbackProxy::GetInstance
[2019.06.07-01.30.27:721][  0]LogOcInput: OculusInput pre-init called
[2019.06.07-01.30.28:645][  0]LogEngine: Initializing Engine...
[2019.06.07-01.30.28:673][  0]LogHMD: Failed to initialize OpenVR with code 110
[2019.06.07-01.30.28:699][  0]LogStats: UGameplayTagsManager::ConstructGameplayTagTree: ImportINI prefixes -  0.001 s
[2019.06.07-01.30.28:699][  0]LogStats: UGameplayTagsManager::ConstructGameplayTagTree: Construct from data asset -  0.000 s
[2019.06.07-01.30.28:699][  0]LogStats: UGameplayTagsManager::ConstructGameplayTagTree: ImportINI -  0.000 s
[2019.06.07-01.30.28:706][  0]LogStats: UGameplayTagsManager::ConstructGameplayTagTree: GameplayTagTreeChangedEvent.Broadcast -  0.007 s
[2019.06.07-01.30.30:476][  0]LogInit: Initializing FReadOnlyCVARCache
[2019.06.07-01.30.30:577][  0]LogAIModule: Creating AISystem for world Untitled
[2019.06.07-01.30.30:664][  0]LogInit: XAudio2 using 'Altavoces (Dispositivo de High Definition Audio)' : 2 channels at 44.1 kHz using 16 bits per sample (channel mask 0x3)
[2019.06.07-01.30.30:686][  0]LogInit: FAudioDevice initialized.
[2019.06.07-01.30.30:686][  0]LogNetVersion: Set ProjectVersion to 1.0.0.0. Version Checksum will be recalculated on next use.
[2019.06.07-01.30.31:025][  0]LogDerivedDataCache: Saved boot cache 0.34s 72MB C:/Users/Jerson/AppData/Local/UnrealEngine/4.21/DerivedDataCache/Boot.ddc.
[2019.06.07-01.30.31:026][  0]LogInit: Texture streaming: Enabled
[2019.06.07-01.30.31:335][  0]LogEngineSessionManager: EngineSessionManager initialized
[2019.06.07-01.30.31:477][  0]LogInit: Transaction tracking system initialized
[2019.06.07-01.30.31:661][  0]BlueprintLog: New page: Cargar el editor
[2019.06.07-01.30.32:465][  0]LocalizationService: Localization service is disabled
[2019.06.07-01.30.44:037][  0]LogFileCache: Scanning file cache for directory 'C:/Users/Jerson/Documents/GitHub/CFE_CasaRV/CasaCFE/Content/' took 0.02s
[2019.06.07-01.30.44:037][  0]LogCook: Display: Max memory allowance for cook 16384mb min free memory 0mb
[2019.06.07-01.30.44:037][  0]LogCook: Display: Mobile HDR setting 1
[2019.06.07-01.30.44:037][  0]LogGameplayTags: Display: UGameplayTagsManager::DoneAddingNativeTags. DelegateIsBound: 0
[2019.06.07-01.30.44:037][  0]LogStats: UGameplayTagsManager::ConstructGameplayTagTree: ImportINI prefixes -  0.000 s
[2019.06.07-01.30.44:037][  0]LogStats: UGameplayTagsManager::ConstructGameplayTagTree: Construct from data asset -  0.000 s
[2019.06.07-01.30.44:037][  0]LogStats: UGameplayTagsManager::ConstructGameplayTagTree: ImportINI -  0.000 s
[2019.06.07-01.30.44:037][  0]LogStats: UGameplayTagsManager::ConstructGameplayTagTree: GameplayTagTreeChangedEvent.Broadcast -  0.000 s
[2019.06.07-01.30.54:512][  0]Cmd: MAP LOAD FILE="../../../../../../Users/Jerson/Documents/GitHub/CFE_CasaRV/CasaCFE/Content/ModernKitchen/Maps/KitchenScene.umap" TEMPLATE=0 SHOWPROGRESS=1 FEATURELEVEL=3
[2019.06.07-01.30.54:557][  0]LightingResults: New page: Diseñar la iluminación
[2019.06.07-01.30.54:625][  0]MapCheck: New page: Revisión del mapa
[2019.06.07-01.30.54:625][  0]LightingResults: New page: Diseñar la iluminación
[2019.06.07-01.31.27:082][  0]LogMaterial: Display: Missing cached shader map for material Material__0, compiling. 
[2019.06.07-01.31.27:200][  0]LogShaderCompilers: Display: Shaders left to compile 22
[2019.06.07-01.31.27:200][  0]LogShaderCompilers: Display: Shaders left to compile 12
[2019.06.07-01.31.27:200][  0]LogShaderCompilers: Display: Shaders left to compile 2
[2019.06.07-01.31.27:200][  0]LogMaterial: Display: Missing cached shader map for material Mate4rial__0, compiling. 
[2019.06.07-01.31.27:241][  0]LogMaterial: Display: Missing cached shader map for material Alluminium_Notebook_body, compiling. 
[2019.06.07-01.31.27:256][  0]LogMaterial: Display: Missing cached shader map for material Alluminium_No332tebook_body, compiling. 
[2019.06.07-01.31.27:272][  0]LogMaterial: Display: Missing cached shader map for material Alluminium_32No332tebook_body, compiling. 
[2019.06.07-01.31.27:620][  0]LogMaterial: Display: Missing cached shader map for material M_MonitorP¨C_3, compiling. 
[2019.06.07-01.31.27:724][  0]LogMaterial: Display: Missing cached shader map for material M_MonitorPC_6, compiling. 
[2019.06.07-01.31.27:801][  0]LogMaterial: Display: Missing cached shader map for material M_MonitorPC_5, compiling. 
[2019.06.07-01.31.27:816][  0]LogMaterial: Display: Missing cached shader map for material M_MonitorPC_2, compiling. 
[2019.06.07-01.31.27:897][  0]LogMaterial: Display: Missing cached shader map for material M_MonitorPC_1, compiling. 
[2019.06.07-01.31.27:912][  0]LogMaterial: Display: Missing cached shader map for material M_MonitorPC4, compiling. 
[2019.06.07-01.31.28:367][  0]LogMaterial: Display: Missing cached shader map for material M_Mesa_TV, compiling. 
[2019.06.07-01.31.29:339][  0]LogMaterial: Display: Missing cached shader map for material Handle, compiling. 
[2019.06.07-01.31.29:393][  0]LogMaterial: Display: Missing cached shader map for material Glass, compiling. 
[2019.06.07-01.31.29:431][  0]LogMaterial: Display: Missing cached shader map for material DoorBase, compiling. 
[2019.06.07-01.31.31:157][  0]LogMaterial: Display: Missing cached shader map for material Mat_7, compiling. 
[2019.06.07-01.31.31:172][  0]LogMaterial: Display: Missing cached shader map for material Mat_2_3, compiling. 
[2019.06.07-01.31.31:618][  0]LogMaterial: Display: Missing cached shader map for material Mat_2_2, compiling. 
[2019.06.07-01.31.31:633][  0]LogMaterial: Display: Missing cached shader map for material Mat_1, compiling. 
[2019.06.07-01.31.31:716][  0]LogMaterial: Display: Missing cached shader map for material Fabric_12_5, compiling. 
[2019.06.07-01.31.31:732][  0]LogMaterial: Display: Missing cached shader map for material Fabric_12, compiling. 
[2019.06.07-01.31.33:048][  0]LogShaderCompilers: Display: Shaders left to compile 440
[2019.06.07-01.31.33:478][  0]LogMaterial: Display: Missing cached shader map for material M_lampara_tela, compiling. 
[2019.06.07-01.31.33:500][  0]LogMaterial: Display: Missing cached shader map for material M_lampara_cuerpo, compiling. 
[2019.06.07-01.31.33:567][  0]LogMaterial: Display: Missing cached shader map for material M_focoAhorrador_base, compiling. 
[2019.06.07-01.31.33:686][  0]LogMaterial: Display: Missing cached shader map for material M_focoAhorrador, compiling. 
[2019.06.07-01.31.34:235][  0]LogShaderCompilers: Display: Shaders left to compile 523
[2019.06.07-01.31.35:077][  0]LogShaderCompilers: Display: Shaders left to compile 513
[2019.06.07-01.31.35:077][  0]LogMaterial: Display: Missing cached shader map for material Plastic, compiling. 
[2019.06.07-01.31.35:112][  0]LogMaterial: Display: Missing cached shader map for material Chrome, compiling. 
[2019.06.07-01.31.35:328][  0]LogMaterial: Display: Missing cached shader map for material Body, compiling. 
[2019.06.07-01.31.35:350][  0]LogMaterial: Display: Missing cached shader map for material Black, compiling. 
[2019.06.07-01.31.35:955][  0]LogShaderCompilers: Display: Shaders left to compile 591
[2019.06.07-01.31.35:955][  0]LogShaderCompilers: Display: Shaders left to compile 581
[2019.06.07-01.31.35:955][  0]LogAIModule: Creating AISystem for world KitchenScene
[2019.06.07-01.31.36:393][  0]LogEditorServer: Finished looking for orphan Actors (0.000 secs)
[2019.06.07-01.31.37:530][  0]LogShaderCompilers: Display: Shaders left to compile 571
[2019.06.07-01.31.37:608][  0]LogShaderCompilers: Display: Shaders left to compile 561
[2019.06.07-01.31.37:608][  0]Cmd: MAP CHECKDEP NOCLEARLOG
[2019.06.07-01.31.37:696][  0]MapCheck: Map check complete: 0 Error(s), 0 Warning(s), took 50,383ms to complete.
[2019.06.07-01.31.37:696][  0]LogFileHelpers: Loading map 'KitchenScene' took 43.183
[2019.06.07-01.31.38:757][  0]LogShaderCompilers: Display: Shaders left to compile 551
[2019.06.07-01.31.38:758][  0]LogSlate: Updating window title bar state: overlay mode, drag disabled, window buttons hidden, title bar hidden
[2019.06.07-01.31.38:817][  0]LogSlate: Updating window title bar state: overlay mode, drag disabled, window buttons hidden, title bar hidden
[2019.06.07-01.31.38:829][  0]LogSlate: Updating window title bar state: overlay mode, drag disabled, window buttons hidden, title bar hidden
[2019.06.07-01.31.38:839][  0]LogSlate: Updating window title bar state: overlay mode, drag disabled, window buttons hidden, title bar hidden
[2019.06.07-01.31.39:249][  0]LogCollectionManager: Loaded 0 collections in 0.001227 seconds
[2019.06.07-01.31.40:301][  0]LogFileCache: Scanning file cache for directory 'C:/Users/Jerson/Documents/GitHub/CFE_CasaRV/CasaCFE/Saved/Collections/' took 0.01s
[2019.06.07-01.31.40:301][  0]LogFileCache: Scanning file cache for directory 'C:/Users/Jerson/Documents/GitHub/CFE_CasaRV/CasaCFE/Content/Developers/Jerson/Collections/' took 0.71s
[2019.06.07-01.31.40:301][  0]LogFileCache: Scanning file cache for directory 'C:/Users/Jerson/Documents/GitHub/CFE_CasaRV/CasaCFE/Content/Collections/' took 0.00s
[2019.06.07-01.31.40:301][  0]LogShaderCompilers: Display: Shaders left to compile 541
[2019.06.07-01.31.40:301][  0]LogCollectionManager: Rebuilt the GUID cache for 0 collections in 0.000001 seconds
[2019.06.07-01.31.40:417][  0]LogContentBrowser: Native class hierarchy populated in 0.1154 seconds. Added 2651 classes and 620 folders.
[2019.06.07-01.31.40:577][  0]LogContentBrowser: Native class hierarchy updated for 'WidgetCarousel' in 0.0003 seconds. Added 0 classes and 0 folders.
[2019.06.07-01.31.40:846][  0]LogShaderCompilers: Display: Shaders left to compile 531
[2019.06.07-01.31.40:846][  0]LogPakFile: Registered encryption key '00000000000000000000000000000000': 0 pak files mounted, 0 remain pending
[2019.06.07-01.31.41:093][  0]LogPakFile: Registered encryption key '00000000000000000000000000000000': 0 pak files mounted, 0 remain pending
[2019.06.07-01.31.41:103][  0]LogPakFile: Registered encryption key '00000000000000000000000000000000': 0 pak files mounted, 0 remain pending
[2019.06.07-01.31.41:105][  0]LogPakFile: Registered encryption key '00000000000000000000000000000000': 0 pak files mounted, 0 remain pending
[2019.06.07-01.31.41:106][  0]LogPakFile: Registered encryption key '00000000000000000000000000000000': 0 pak files mounted, 0 remain pending
[2019.06.07-01.31.41:107][  0]LogPakFile: Registered encryption key '00000000000000000000000000000000': 0 pak files mounted, 0 remain pending
[2019.06.07-01.31.41:108][  0]LogPakFile: Registered encryption key '00000000000000000000000000000000': 0 pak files mounted, 0 remain pending
[2019.06.07-01.31.41:128][  0]LogPakFile: Registered encryption key '00000000000000000000000000000000': 0 pak files mounted, 0 remain pending
[2019.06.07-01.31.41:129][  0]LogPakFile: Registered encryption key '00000000000000000000000000000000': 0 pak files mounted, 0 remain pending
[2019.06.07-01.31.41:140][  0]LogPakFile: Registered encryption key '00000000000000000000000000000000': 0 pak files mounted, 0 remain pending
[2019.06.07-01.31.41:141][  0]LogPakFile: Registered encryption key '00000000000000000000000000000000': 0 pak files mounted, 0 remain pending
[2019.06.07-01.31.41:142][  0]LogPakFile: Registered encryption key '00000000000000000000000000000000': 0 pak files mounted, 0 remain pending
[2019.06.07-01.31.41:143][  0]LogPakFile: Registered encryption key '00000000000000000000000000000000': 0 pak files mounted, 0 remain pending
[2019.06.07-01.31.41:156][  0]LogPakFile: Registered encryption key '00000000000000000000000000000000': 0 pak files mounted, 0 remain pending
[2019.06.07-01.31.41:157][  0]LogPakFile: Registered encryption key '00000000000000000000000000000000': 0 pak files mounted, 0 remain pending
[2019.06.07-01.31.41:158][  0]LogPakFile: Registered encryption key '00000000000000000000000000000000': 0 pak files mounted, 0 remain pending
[2019.06.07-01.31.41:160][  0]LogPakFile: Registered encryption key '00000000000000000000000000000000': 0 pak files mounted, 0 remain pending
[2019.06.07-01.31.41:163][  0]LogPakFile: Registered encryption key '00000000000000000000000000000000': 0 pak files mounted, 0 remain pending
[2019.06.07-01.31.41:164][  0]LogPakFile: Registered encryption key '00000000000000000000000000000000': 0 pak files mounted, 0 remain pending
[2019.06.07-01.31.41:165][  0]LogPakFile: Registered encryption key '00000000000000000000000000000000': 0 pak files mounted, 0 remain pending
[2019.06.07-01.31.41:168][  0]LogPakFile: Registered encryption key '00000000000000000000000000000000': 0 pak files mounted, 0 remain pending
[2019.06.07-01.31.41:170][  0]LogPakFile: Registered encryption key '00000000000000000000000000000000': 0 pak files mounted, 0 remain pending
[2019.06.07-01.31.41:205][  0]LogPakFile: Registered encryption key '00000000000000000000000000000000': 0 pak files mounted, 0 remain pending
[2019.06.07-01.31.41:206][  0]LogPakFile: Registered encryption key '00000000000000000000000000000000': 0 pak files mounted, 0 remain pending
[2019.06.07-01.31.41:208][  0]LogPakFile: Registered encryption key '00000000000000000000000000000000': 0 pak files mounted, 0 remain pending
[2019.06.07-01.31.41:211][  0]LogPakFile: Registered encryption key '00000000000000000000000000000000': 0 pak files mounted, 0 remain pending
[2019.06.07-01.31.43:125][  0]LogShaderCompilers: Display: Shaders left to compile 521
[2019.06.07-01.31.43:125][  0]LogShaderCompilers: Display: Shaders left to compile 511
[2019.06.07-01.31.43:125][  0]LogShaderCompilers: Display: Shaders left to compile 501
[2019.06.07-01.31.43:125][  0]LogContentBrowser: Native class hierarchy updated for 'AddContentDialog' in 0.0003 seconds. Added 0 classes and 0 folders.
[2019.06.07-01.31.43:201][  0]LogContentBrowser: Native class hierarchy updated for 'SceneOutliner' in 0.0003 seconds. Added 1 classes and 2 folders.
[2019.06.07-01.31.44:019][  0]LogSlate: Took 0.036585 seconds to synchronously load lazily loaded font '../../../Engine/Content/Slate/Fonts/Roboto-Regular.ttf' (155K)
[2019.06.07-01.31.44:097][  0]LogSlate: Took 0.076899 seconds to synchronously load lazily loaded font '../../../Engine/Content/Slate/Fonts/Roboto-Bold.ttf' (160K)
[2019.06.07-01.31.44:155][  0]LogSlate: Took 0.023315 seconds to synchronously load lazily loaded font '../../../Engine/Content/Editor/Slate/Fonts/FontAwesome.ttf' (139K)
[2019.06.07-01.31.45:036][  0]LogRenderer: Reallocating scene render targets to support 904x464 Format 26 NumSamples 1 (Frame:1).
[2019.06.07-01.31.45:552][  0]LogShaderCompilers: Display: Shaders left to compile 491
[2019.06.07-01.31.45:552][  0]LogShaderCompilers: Display: Shaders left to compile 481
[2019.06.07-01.31.45:552][  0]LogD3D11RHI: Error: agsDriverExtensionsDX11_SetDepthBounds(1,0.000000, 1.000000) returned error code 6. **********PLEASE UPDATE YOUR VIDEO DRIVERS*********
[2019.06.07-01.31.45:792][  0]LogSlate: Took 0.028068 seconds to synchronously load lazily loaded font '../../../Engine/Content/Slate/Fonts/Roboto-Light.ttf' (167K)
[2019.06.07-01.31.46:097][  0]LogContentBrowser: Native class hierarchy updated for 'HierarchicalLODOutliner' in 0.0006 seconds. Added 0 classes and 0 folders.
[2019.06.07-01.31.46:098][  0]LogLoad: (Engine Initialization) Total time: 489.80 seconds
[2019.06.07-01.31.46:098][  0]LogLoad: (Engine Initialization) Total Blueprint compile time: 0.00 seconds
[2019.06.07-01.31.48:767][  0]LogShaderCompilers: Display: Shaders left to compile 471
[2019.06.07-01.31.48:767][  0]LogShaderCompilers: Display: Shaders left to compile 461
[2019.06.07-01.31.48:767][  0]LogShaderCompilers: Display: Shaders left to compile 451
[2019.06.07-01.31.48:767][  0]LogContentStreaming: Texture pool size now 400 MB
[2019.06.07-01.31.49:443][  1]LogShaderCompilers: Display: Shaders left to compile 441
[2019.06.07-01.31.49:443][  1]LogShaderCompilers: Display: Shaders left to compile 431
[2019.06.07-01.31.51:515][  1]LogShaderCompilers: Display: Shaders left to compile 421
[2019.06.07-01.31.51:739][  3]LogShaderCompilers: Display: Shaders left to compile 411
[2019.06.07-01.31.52:201][  5]LogAssetRegistry: Asset discovery search completed in 137.3537 seconds
[2019.06.07-01.31.52:203][  5]LogCollectionManager: Rebuilt the object cache for 0 collections in 0.000002 seconds (found 0 objects)
[2019.06.07-01.31.52:204][  5]LogCollectionManager: Fixed up redirectors for 0 collections in 0.000110 seconds (updated 0 objects)
[2019.06.07-01.31.52:351][  6]LogShaderCompilers: Display: Shaders left to compile 401
[2019.06.07-01.31.52:884][ 12]LogShaderCompilers: Display: Shaders left to compile 391
[2019.06.07-01.31.58:122][ 17]LogShaderCompilers: Display: Shaders left to compile 381
[2019.06.07-01.31.58:122][ 17]LogShaderCompilers: Display: Shaders left to compile 371
[2019.06.07-01.31.58:122][ 17]LogShaderCompilers: Display: Shaders left to compile 361
[2019.06.07-01.31.58:122][ 17]LogShaderCompilers: Display: Shaders left to compile 351
[2019.06.07-01.31.58:122][ 17]LogShaderCompilers: Display: Shaders left to compile 341
[2019.06.07-01.31.58:866][ 60]LogShaderCompilers: Display: Shaders left to compile 331
[2019.06.07-01.32.00:031][180]LogShaderCompilers: Display: Shaders left to compile 321
[2019.06.07-01.32.00:094][184]LogShaderCompilers: Display: Shaders left to compile 311
[2019.06.07-01.32.02:773][303]LogShaderCompilers: Display: Shaders left to compile 301
[2019.06.07-01.32.02:867][308]LogShaderCompilers: Display: Shaders left to compile 291
[2019.06.07-01.32.02:948][311]LogShaderCompilers: Display: Shaders left to compile 281
[2019.06.07-01.32.04:305][359]LogShaderCompilers: Display: Shaders left to compile 271
[2019.06.07-01.32.04:533][376]LogShaderCompilers: Display: Shaders left to compile 261
[2019.06.07-01.32.05:920][461]LogShaderCompilers: Display: Shaders left to compile 251
[2019.06.07-01.32.06:801][521]LogShaderCompilers: Display: Shaders left to compile 241
[2019.06.07-01.32.08:008][631]LogShaderCompilers: Display: Shaders left to compile 231
[2019.06.07-01.32.09:129][736]LogShaderCompilers: Display: Shaders left to compile 221
[2019.06.07-01.32.10:266][765]LogEditorViewport: Clicking on Actor (LMB): StaticMeshActor (pasamanos2)
[2019.06.07-01.32.10:682][766]LogShaderCompilers: Display: Shaders left to compile 211
[2019.06.07-01.32.11:521][767]LogShaderCompilers: Display: Shaders left to compile 201
[2019.06.07-01.32.11:751][770]LogShaderCompilers: Display: Shaders left to compile 191
[2019.06.07-01.32.12:159][774]Cmd: DELETE
[2019.06.07-01.32.12:159][774]Cmd: ACTOR DELETE
[2019.06.07-01.32.13:902][774]LogShaderCompilers: Display: Shaders left to compile 181
[2019.06.07-01.32.13:902][774]LogShaderCompilers: Display: Shaders left to compile 171
[2019.06.07-01.32.13:902][774]LogEditorActor: Deleted Actor: StaticMeshActor
[2019.06.07-01.32.16:003][774]LogShaderCompilers: Display: Shaders left to compile 161
[2019.06.07-01.32.16:003][774]LogShaderCompilers: Display: Shaders left to compile 151
[2019.06.07-01.32.16:003][774]LogShaderCompilers: Display: Shaders left to compile 141
[2019.06.07-01.32.16:003][774]LogEditorActor: Deleted 1 Actors (2.140 secs)
[2019.06.07-01.32.17:161][823]LogEditorViewport: Clicking on Actor (LMB): StaticMeshActor (pasamanos)
[2019.06.07-01.32.17:236][823]LogShaderCompilers: Display: Shaders left to compile 131
[2019.06.07-01.32.17:924][859]Cmd: DELETE
[2019.06.07-01.32.17:924][859]Cmd: ACTOR DELETE
[2019.06.07-01.32.17:933][859]LogEditorActor: Deleted Actor: StaticMeshActor
[2019.06.07-01.32.18:000][859]LogEditorActor: Deleted 1 Actors (0.076 secs)
[2019.06.07-01.32.18:002][859]LogShaderCompilers: Display: Shaders left to compile 121
[2019.06.07-01.32.19:114][947]LogShaderCompilers: Display: Shaders left to compile 111
[2019.06.07-01.32.20:025][ 14]LogEditorViewport: Clicking on Actor (LMB): StaticMeshActor (pasamanos3)
[2019.06.07-01.32.20:218][ 14]LogShaderCompilers: Display: Shaders left to compile 101
[2019.06.07-01.32.20:352][ 15]LogShaderCompilers: Display: Shaders left to compile 91
[2019.06.07-01.32.21:450][ 19]Cmd: DELETE
[2019.06.07-01.32.21:450][ 19]Cmd: ACTOR DELETE
[2019.06.07-01.32.21:461][ 19]LogEditorActor: Deleted Actor: StaticMeshActor
[2019.06.07-01.32.21:485][ 19]LogEditorActor: Deleted 1 Actors (0.035 secs)
[2019.06.07-01.32.22:918][142]LogSlate: FSceneViewport::OnFocusLost() reason 0
[2019.06.07-01.32.23:063][159]LogShaderCompilers: Display: Shaders left to compile 81
[2019.06.07-01.32.23:296][170]LogShaderCompilers: Display: Shaders left to compile 71
[2019.06.07-01.32.25:321][176]LogShaderCompilers: Display: Shaders left to compile 61
[2019.06.07-01.32.25:393][179]LogShaderCompilers: Display: Shaders left to compile 51
[2019.06.07-01.32.26:197][210]LogShaderCompilers: Display: Shaders left to compile 41
[2019.06.07-01.32.26:979][212]LogShaderCompilers: Display: Shaders left to compile 31
[2019.06.07-01.32.29:774][222]LogShaderCompilers: Display: Shaders left to compile 21
[2019.06.07-01.32.29:774][222]LogShaderCompilers: Display: Shaders left to compile 11
[2019.06.07-01.32.29:774][222]LogShaderCompilers: Display: Shaders left to compile 1
[2019.06.07-01.32.45:855][345]LogSlate: Window 'Delete Assets' being destroyed
[2019.06.07-01.32.45:918][345]LogSlate: Took 0.000158 seconds to synchronously load lazily loaded font '../../../Engine/Content/Slate/Fonts/Roboto-Light.ttf' (167K)
[2019.06.07-01.33.09:368][345]SourceControl: rm 'CasaCFE/Content/ModernKitchen/StaticMeshes/Meshes/pasamanos.uasset'
[2019.06.07-01.33.25:786][214]LogSavePackage: Moving '../../../../../../Users/Jerson/Documents/GitHub/CFE_CasaRV/CasaCFE/Saved/KitchenScene7DD57EA840F5F56AC089D7A4CC8A50EF.tmp' to '../../../../../../Users/Jerson/Documents/GitHub/CFE_CasaRV/CasaCFE/Content/ModernKitchen/Maps/KitchenScene.umap'
[2019.06.07-01.33.25:910][214]LogFileHelpers: Saving map 'KitchenScene' took 1.153
[2019.06.07-01.33.46:391][357]LogUnrealEdMisc: Warning: Heartbeat event firing too frequently (36.962 sec). This should never happen. Something is wrong with the timer delegate!
[2019.06.07-01.34.07:268][382]LogSlate: Window 'CasaRV_CFE - Unreal Editor' being destroyed
[2019.06.07-01.34.08:063][383]Cmd: QUIT_EDITOR
[2019.06.07-01.34.08:638][383]LogExit: Preparing to exit.
[2019.06.07-01.34.10:354][383]LogExit: Editor shut down
[2019.06.07-01.34.10:354][383]LogExit: Transaction tracking system shut down
[2019.06.07-01.34.12:505][383]LogExit: Object subsystem successfully closed.
[2019.06.07-01.34.12:880][383]LogShaderCompilers: Display: Shaders left to compile 0
[2019.06.07-01.34.12:913][383]LogD3D11RHI: Shutdown
[2019.06.07-01.34.12:913][383]LogD3D11RHI: CleanupD3DDevice
[2019.06.07-01.34.12:974][383]LogD3D11RHI: ~FD3D11DynamicRHI
[2019.06.07-01.34.14:990][383]LogModuleManager: Shutting down and abandoning module HierarchicalLODUtilities (624)
[2019.06.07-01.34.14:990][383]LogModuleManager: Shutting down and abandoning module HierarchicalLODOutliner (622)
[2019.06.07-01.34.14:990][383]LogModuleManager: Shutting down and abandoning module SceneOutliner (620)
[2019.06.07-01.34.15:016][383]LogModuleManager: Shutting down and abandoning module AddContentDialog (618)
[2019.06.07-01.34.15:033][383]LogModuleManager: Shutting down and abandoning module WidgetCarousel (617)
[2019.06.07-01.34.15:033][383]LogModuleManager: Shutting down and abandoning module EditorWidgets (614)
[2019.06.07-01.34.15:033][383]LogModuleManager: Shutting down and abandoning module CollectionManager (612)
[2019.06.07-01.34.15:109][383]LogModuleManager: Shutting down and abandoning module StatsViewer (610)
[2019.06.07-01.34.15:131][383]LogModuleManager: Shutting down and abandoning module FoliageEdit (608)
[2019.06.07-01.34.15:150][383]LogModuleManager: Shutting down and abandoning module LandscapeEditor (606)
[2019.06.07-01.34.15:252][383]LogModuleManager: Shutting down and abandoning module MeshPaintMode (604)
[2019.06.07-01.34.15:429][383]LogModuleManager: Shutting down and abandoning module SceneDepthPickerMode (602)
[2019.06.07-01.34.15:429][383]LogModuleManager: Shutting down and abandoning module ActorPickerMode (600)
[2019.06.07-01.34.15:429][383]LogModuleManager: Shutting down and abandoning module GeometryMode (598)
[2019.06.07-01.34.15:429][383]LogModuleManager: Shutting down and abandoning module TextureAlignMode (596)
[2019.06.07-01.34.15:429][383]LogModuleManager: Shutting down and abandoning module BspMode (594)
[2019.06.07-01.34.15:429][383]LogModuleManager: Shutting down and abandoning module PIEPreviewDeviceProfileSelector (592)
[2019.06.07-01.34.15:494][383]LogModuleManager: Shutting down and abandoning module SequenceRecorderSections (590)
[2019.06.07-01.34.15:548][383]LogModuleManager: Shutting down and abandoning module AutomationWorker (588)
[2019.06.07-01.34.15:548][383]LogModuleManager: Shutting down and abandoning module AudioCaptureEditor (586)
[2019.06.07-01.34.15:548][383]LogModuleManager: Shutting down and abandoning module MatineeToLevelSequence (584)
[2019.06.07-01.34.15:641][383]LogModuleManager: Shutting down and abandoning module LevelSequenceEditor (582)
[2019.06.07-01.34.15:930][383]LogModuleManager: Shutting down and abandoning module PlacementMode (581)
[2019.06.07-01.34.15:930][383]LogModuleManager: Shutting down and abandoning module MaterialEditor (580)
[2019.06.07-01.34.16:254][383]LogModuleManager: Shutting down and abandoning module WmfMediaFactory (576)
[2019.06.07-01.34.16:254][383]LogModuleManager: Shutting down and abandoning module WmfMediaEditor (574)
[2019.06.07-01.34.16:254][383]LogModuleManager: Shutting down and abandoning module WebMMediaFactory (572)
[2019.06.07-01.34.16:254][383]LogModuleManager: Shutting down and abandoning module WebMMediaEditor (570)
[2019.06.07-01.34.16:254][383]LogModuleManager: Shutting down and abandoning module WebMMedia (568)
[2019.06.07-01.34.16:340][383]LogModuleManager: Shutting down and abandoning module MediaPlayerEditor (566)
[2019.06.07-01.34.16:527][383]LogModuleManager: Shutting down and abandoning module MediaCompositingEditor (564)
[2019.06.07-01.34.16:744][383]LogModuleManager: Shutting down and abandoning module SequenceRecorder (563)
[2019.06.07-01.34.16:789][383]LogModuleManager: Shutting down and abandoning module OpenExrWrapper (560)
[2019.06.07-01.34.16:789][383]LogModuleManager: Shutting down and abandoning module ImgMediaFactory (558)
[2019.06.07-01.34.16:789][383]LogModuleManager: Shutting down and abandoning module ImgMediaEditor (556)
[2019.06.07-01.34.16:789][383]LogModuleManager: Shutting down and abandoning module AvfMediaFactory (554)
[2019.06.07-01.34.16:789][383]LogModuleManager: Shutting down and abandoning module AvfMediaEditor (552)
[2019.06.07-01.34.16:789][383]LogModuleManager: Shutting down and abandoning module AndroidMediaFactory (550)
[2019.06.07-01.34.16:789][383]LogModuleManager: Shutting down and abandoning module AndroidMediaEditor (548)
[2019.06.07-01.34.16:789][383]LogModuleManager: Shutting down and abandoning module MagicLeapCameraPreviewFactory (546)
[2019.06.07-01.34.16:789][383]LogModuleManager: Shutting down and abandoning module MagicLeapMediaFactory (544)
[2019.06.07-01.34.16:789][383]LogModuleManager: Shutting down and abandoning module MagicLeapMediaEditor (542)
[2019.06.07-01.34.16:789][383]LogModuleManager: Shutting down and abandoning module CharacterAI (540)
[2019.06.07-01.34.16:789][383]LogModuleManager: Shutting down and abandoning module SmartSnapping (538)
[2019.06.07-01.34.16:789][383]LogModuleManager: Shutting down and abandoning module SessionServices (536)
[2019.06.07-01.34.16:789][383]LogModuleManager: Shutting down and abandoning module ViewportSnapping (534)
[2019.06.07-01.34.16:789][383]LogModuleManager: Shutting down and abandoning module ViewportInteraction (532)
[2019.06.07-01.34.16:789][383]LogModuleManager: Shutting down and abandoning module ClothPainter (530)
[2019.06.07-01.34.16:937][383]LogModuleManager: Shutting down and abandoning module SkeletalMeshEditor (529)
[2019.06.07-01.34.17:085][383]LogModuleManager: Shutting down and abandoning module LogVisualizer (526)
[2019.06.07-01.34.17:303][383]LogModuleManager: Shutting down and abandoning module IntroTutorials (524)
[2019.06.07-01.34.17:504][383]LogModuleManager: Shutting down and abandoning module GameProjectGeneration (523)
[2019.06.07-01.34.17:605][383]LogModuleManager: Shutting down and abandoning module LuminPlatformEditor (520)
[2019.06.07-01.34.17:605][383]LogModuleManager: Shutting down and abandoning module IOSPlatformEditor (518)
[2019.06.07-01.34.17:605][383]LogModuleManager: Shutting down and abandoning module HTML5PlatformEditor (516)
[2019.06.07-01.34.17:605][383]LogModuleManager: Shutting down and abandoning module AndroidPlatformEditor (514)
[2019.06.07-01.34.17:605][383]LogModuleManager: Shutting down and abandoning module AndroidDeviceDetection (513)
[2019.06.07-01.34.18:628][383]LogModuleManager: Shutting down and abandoning module WindowsPlatformEditor (510)
[2019.06.07-01.34.18:628][383]LogModuleManager: Shutting down and abandoning module LuminRuntimeSettings (508)
[2019.06.07-01.34.18:628][383]LogModuleManager: Shutting down and abandoning module IOSRuntimeSettings (506)
[2019.06.07-01.34.18:628][383]LogModuleManager: Shutting down and abandoning module AndroidRuntimeSettings (504)
[2019.06.07-01.34.18:628][383]LogModuleManager: Shutting down and abandoning module TimeManagementEditor (502)
[2019.06.07-01.34.18:628][383]LogModuleManager: Shutting down and abandoning module InputBindingEditor (500)
[2019.06.07-01.34.18:667][383]LogModuleManager: Shutting down and abandoning module MergeActors (498)
[2019.06.07-01.34.18:675][383]LogModuleManager: Shutting down and abandoning module LocalizationDashboard (496)
[2019.06.07-01.34.18:688][383]LogModuleManager: Shutting down and abandoning module LocalizationService (495)
[2019.06.07-01.34.18:700][383]LogModuleManager: Shutting down and abandoning module HardwareTargeting (492)
[2019.06.07-01.34.18:701][383]LogModuleManager: Shutting down and abandoning module DeviceProfileEditor (490)
[2019.06.07-01.34.18:714][383]LogModuleManager: Shutting down and abandoning module UndoHistory (488)
[2019.06.07-01.34.18:719][383]LogModuleManager: Shutting down and abandoning module XmlParser (486)
[2019.06.07-01.34.18:719][383]LogModuleManager: Shutting down and abandoning module Blutility (484)
[2019.06.07-01.34.18:719][383]LogModuleManager: Shutting down and abandoning module ProjectSettingsViewer (482)
[2019.06.07-01.34.18:719][383]LogModuleManager: Shutting down and abandoning module ProjectTargetPlatformEditor (481)
[2019.06.07-01.34.18:720][383]LogModuleManager: Shutting down and abandoning module EditorSettingsViewer (478)
[2019.06.07-01.34.18:720][383]LogModuleManager: Shutting down and abandoning module SettingsEditor (476)
[2019.06.07-01.34.18:730][383]LogModuleManager: Shutting down and abandoning module ProjectLauncher (474)
[2019.06.07-01.34.18:737][383]LogModuleManager: Shutting down and abandoning module SessionFrontend (472)
[2019.06.07-01.34.18:743][383]LogModuleManager: Shutting down and abandoning module ProfilerClient (470)
[2019.06.07-01.34.18:746][383]LogModuleManager: Shutting down and abandoning module DeviceManager (468)
[2019.06.07-01.34.18:755][383]LogModuleManager: Shutting down and abandoning module TargetDeviceServices (467)
[2019.06.07-01.34.18:805][383]LogModuleManager: Shutting down and abandoning module AutomationController (464)
[2019.06.07-01.34.18:861][383]LogModuleManager: Shutting down and abandoning module AutomationWindow (462)
[2019.06.07-01.34.18:879][383]LogModuleManager: Shutting down and abandoning module Layers (460)
[2019.06.07-01.34.18:950][383]LogModuleManager: Shutting down and abandoning module ComponentVisualizers (458)
[2019.06.07-01.34.18:950][383]LogModuleManager: Shutting down and abandoning module DetailCustomizations (456)
[2019.06.07-01.34.18:967][383]LogModuleManager: Shutting down and abandoning module PackagesDialog (454)
[2019.06.07-01.34.18:967][383]LogModuleManager: Shutting down and abandoning module Persona (452)
[2019.06.07-01.34.18:992][383]LogModuleManager: Shutting down and abandoning module AdvancedPreviewScene (451)
[2019.06.07-01.34.18:992][383]LogModuleManager: Shutting down and abandoning module AnimGraph (449)
[2019.06.07-01.34.18:992][383]LogModuleManager: Shutting down and abandoning module Kismet (446)
[2019.06.07-01.34.19:045][383]LogModuleManager: Shutting down and abandoning module GraphEditor (444)
[2019.06.07-01.34.19:073][383]LogModuleManager: Shutting down and abandoning module ClassViewer (442)
[2019.06.07-01.34.19:073][383]LogModuleManager: Shutting down and abandoning module Toolbox (440)
[2019.06.07-01.34.19:073][383]LogModuleManager: Shutting down and abandoning module ModuleUI (438)
[2019.06.07-01.34.19:079][383]LogModuleManager: Shutting down and abandoning module MovieSceneTools (436)
[2019.06.07-01.34.19:079][383]LogModuleManager: Shutting down and abandoning module OutputLog (434)
[2019.06.07-01.34.19:080][383]LogModuleManager: Shutting down and abandoning module GammaUI (432)
[2019.06.07-01.34.19:127][383]LogModuleManager: Shutting down and abandoning module Documentation (430)
[2019.06.07-01.34.19:127][383]LogModuleManager: Shutting down and abandoning module MovieSceneTracks (428)
[2019.06.07-01.34.19:127][383]LogModuleManager: Shutting down and abandoning module MovieScene (426)
[2019.06.07-01.34.19:127][383]LogModuleManager: Shutting down and abandoning module StreamingPauseRendering (424)
[2019.06.07-01.34.19:180][383]LogModuleManager: Shutting down and abandoning module LauncherPlatform (422)
[2019.06.07-01.34.19:180][383]LogModuleManager: Shutting down and abandoning module AnalyticsET (420)
[2019.06.07-01.34.19:180][383]LogModuleManager: Shutting down and abandoning module PortalServices (418)
[2019.06.07-01.34.19:180][383]LogModuleManager: Shutting down and abandoning module PortalRpc (416)
[2019.06.07-01.34.19:180][383]LogModuleManager: Shutting down and abandoning module MessagingRpc (414)
[2019.06.07-01.34.19:180][383]LogModuleManager: Shutting down and abandoning module AIModule (412)
[2019.06.07-01.34.19:335][383]LogModuleManager: Shutting down and abandoning module GameplayDebugger (411)
[2019.06.07-01.34.19:419][383]LogModuleManager: Shutting down and abandoning module AITestSuite (409)
[2019.06.07-01.34.19:472][383]LogModuleManager: Shutting down and abandoning module NavigationSystem (407)
[2019.06.07-01.34.19:472][383]LogModuleManager: Shutting down and abandoning module DesktopPlatform (404)
[2019.06.07-01.34.19:509][383]LogModuleManager: Shutting down and abandoning module ImageWriteQueue (402)
[2019.06.07-01.34.19:511][383]LogModuleManager: Shutting down and abandoning module ProfilerService (400)
[2019.06.07-01.34.19:658][383]LogModuleManager: Shutting down and abandoning module TaskGraph (398)
[2019.06.07-01.34.19:756][383]LogModuleManager: Shutting down and abandoning module SteamVRController (396)
[2019.06.07-01.34.19:756][383]LogModuleManager: Shutting down and abandoning module ProceduralMeshComponentEditor (394)
[2019.06.07-01.34.19:756][383]LogModuleManager: Shutting down and abandoning module ProceduralMeshComponent (392)
[2019.06.07-01.34.19:805][383]LogModuleManager: Shutting down and abandoning module OculusInput (390)
[2019.06.07-01.34.19:805][383]LogModuleManager: Shutting down and abandoning module MobilePatchingUtils (388)
[2019.06.07-01.34.19:805][383]LogModuleManager: Shutting down and abandoning module EditableMesh (386)
[2019.06.07-01.34.19:805][383]LogModuleManager: Shutting down and abandoning module CustomMeshComponent (384)
[2019.06.07-01.34.19:805][383]LogModuleManager: Shutting down and abandoning module CableComponent (382)
[2019.06.07-01.34.19:805][383]LogModuleManager: Shutting down and abandoning module AudioCapture (380)
[2019.06.07-01.34.19:805][383]LogModuleManager: Shutting down and abandoning module ArchVisCharacter (378)
[2019.06.07-01.34.19:805][383]LogModuleManager: Shutting down and abandoning module AndroidPermission (376)
[2019.06.07-01.34.19:805][383]LogModuleManager: Shutting down and abandoning module NUTUnrealEngine4 (374)
[2019.06.07-01.34.19:855][383]LogModuleManager: Shutting down and abandoning module NetcodeUnitTest (372)
[2019.06.07-01.34.19:963][383]LogModuleManager: Shutting down and abandoning module MediaCompositing (370)
[2019.06.07-01.34.19:963][383]LogModuleManager: Shutting down and abandoning module LinearTimecode (368)
[2019.06.07-01.34.19:963][383]LogModuleManager: Shutting down and abandoning module ImgMedia (366)
[2019.06.07-01.34.19:965][383]LogModuleManager: Shutting down and abandoning module HTML5Networking (364)
[2019.06.07-01.34.19:965][383]LogModuleManager: Shutting down and abandoning module GeometryCacheTracks (362)
[2019.06.07-01.34.19:965][383]LogModuleManager: Shutting down and abandoning module GeometryCacheSequencer (360)
[2019.06.07-01.34.19:965][383]LogModuleManager: Shutting down and abandoning module BackChannel (358)
[2019.06.07-01.34.19:998][383]LogModuleManager: Shutting down and abandoning module AppleVision (356)
[2019.06.07-01.34.19:998][383]LogModuleManager: Shutting down and abandoning module AppleImageUtilsBlueprintSupport (354)
[2019.06.07-01.34.19:998][383]LogModuleManager: Shutting down and abandoning module AppleImageUtils (352)
[2019.06.07-01.34.19:998][383]LogModuleManager: Shutting down and abandoning module AlembicImporter (350)
[2019.06.07-01.34.19:998][383]LogModuleManager: Shutting down and abandoning module AlembicLibrary (349)
[2019.06.07-01.34.19:998][383]LogModuleManager: Shutting down and abandoning module GeometryCache (348)
[2019.06.07-01.34.19:998][383]LogModuleManager: Shutting down and abandoning module GeometryCacheEd (347)
[2019.06.07-01.34.19:998][383]LogModuleManager: Shutting down and abandoning module VariantManagerContent (342)
[2019.06.07-01.34.19:998][383]LogModuleManager: Shutting down and abandoning module DatasmithContentEditor (340)
[2019.06.07-01.34.20:038][383]LogModuleManager: Shutting down and abandoning module SpeedTreeImporter (338)
[2019.06.07-01.34.20:038][383]LogModuleManager: Shutting down and abandoning module PluginBrowser (336)
[2019.06.07-01.34.20:297][383]LogModuleManager: Shutting down and abandoning module MobileLauncherProfileWizard (334)
[2019.06.07-01.34.20:376][383]LogModuleManager: Shutting down and abandoning module PolygonModeling (332)
[2019.06.07-01.34.20:376][383]LogModuleManager: Shutting down and abandoning module MeshEditor (330)
[2019.06.07-01.34.20:409][383]LogModuleManager: Shutting down and abandoning module CryptoKeysOpenSSL (328)
[2019.06.07-01.34.20:458][383]LogModuleManager: Shutting down and abandoning module CryptoKeys (326)
[2019.06.07-01.34.20:458][383]LogModuleManager: Shutting down and abandoning module VisualStudioSourceCodeAccess (324)
[2019.06.07-01.34.20:458][383]LogModuleManager: Shutting down and abandoning module VisualStudioCodeSourceCodeAccess (322)
[2019.06.07-01.34.20:458][383]LogModuleManager: Shutting down and abandoning module UObjectPlugin (320)
[2019.06.07-01.34.20:458][383]LogModuleManager: Shutting down and abandoning module SubversionSourceControl (318)
[2019.06.07-01.34.20:514][383]LogModuleManager: Shutting down and abandoning module PerforceSourceControl (316)
[2019.06.07-01.34.20:526][383]LogModuleManager: Shutting down and abandoning module GitSourceControl (314)
[2019.06.07-01.34.20:526][383]LogModuleManager: Shutting down and abandoning module SourceControl (313)
[2019.06.07-01.34.20:526][383]LogModuleManager: Shutting down and abandoning module CLionSourceCodeAccess (310)
[2019.06.07-01.34.20:532][383]LogModuleManager: Shutting down and abandoning module ActorLayerUtilitiesEditor (308)
[2019.06.07-01.34.20:532][383]LogModuleManager: Shutting down and abandoning module ActorLayerUtilities (306)
[2019.06.07-01.34.20:533][383]LogModuleManager: Shutting down and abandoning module LightPropagationVolumeEditor (304)
[2019.06.07-01.34.20:533][383]LogModuleManager: Shutting down and abandoning module PaperTiledImporter (302)
[2019.06.07-01.34.20:533][383]LogModuleManager: Shutting down and abandoning module PaperSpriteSheetImporter (300)
[2019.06.07-01.34.20:533][383]LogModuleManager: Shutting down and abandoning module Paper2DEditor (298)
[2019.06.07-01.34.20:559][383]LogModuleManager: Shutting down and abandoning module MeshPaint (297)
[2019.06.07-01.34.20:568][383]LogModuleManager: Shutting down and abandoning module RuntimePhysXCooking (294)
[2019.06.07-01.34.20:568][383]LogModuleManager: Shutting down and abandoning module PhysXVehiclesEditor (292)
[2019.06.07-01.34.20:568][383]LogModuleManager: Shutting down and abandoning module PhysXVehicles (290)
[2019.06.07-01.34.20:568][383]LogModuleManager: Shutting down and abandoning module OculusEditor (288)
[2019.06.07-01.34.20:576][383]LogModuleManager: Shutting down and abandoning module LocationServicesBPLibrary (286)
[2019.06.07-01.34.20:576][383]LogModuleManager: Shutting down and abandoning module ActorSequence (284)
[2019.06.07-01.34.20:576][383]LogModuleManager: Shutting down and abandoning module UdpMessaging (282)
[2019.06.07-01.34.20:676][383]LogModuleManager: Shutting down and abandoning module TcpMessaging (280)
[2019.06.07-01.34.20:785][383]LogModuleManager: Shutting down and abandoning module MagicLeapAudio (278)
[2019.06.07-01.34.20:785][383]LogModuleManager: Shutting down and abandoning module GameplayTagsEditor (276)
[2019.06.07-01.34.20:810][383]LogModuleManager: Shutting down and abandoning module FacialAnimationEditor (274)
[2019.06.07-01.34.20:810][383]LogModuleManager: Shutting down and abandoning module FacialAnimation (272)
[2019.06.07-01.34.20:810][383]LogModuleManager: Shutting down and abandoning module DataValidation (270)
[2019.06.07-01.34.20:810][383]LogModuleManager: Shutting down and abandoning module AssetManagerEditor (268)
[2019.06.07-01.34.20:817][383]LogModuleManager: Shutting down and abandoning module LevelEditor (267)
[2019.06.07-01.34.20:826][383]LogModuleManager: Shutting down and abandoning module PixelInspectorModule (266)
[2019.06.07-01.34.20:841][383]LogModuleManager: Shutting down and abandoning module CommonMenuExtensions (264)
[2019.06.07-01.34.20:841][383]LogModuleManager: Shutting down and abandoning module MainFrame (262)
[2019.06.07-01.34.20:841][383]LogModuleManager: Shutting down and abandoning module HotReload (261)
[2019.06.07-01.34.20:849][383]LogModuleManager: Shutting down and abandoning module ContentBrowser (257)
[2019.06.07-01.34.20:850][383]LogModuleManager: Shutting down and abandoning module TreeMap (255)
[2019.06.07-01.34.20:860][383]LogModuleManager: Shutting down and abandoning module LightPropagationVolumeRuntime (252)
[2019.06.07-01.34.20:860][383]LogModuleManager: Shutting down and abandoning module AISupportModule (250)
[2019.06.07-01.34.20:860][383]LogModuleManager: Shutting down and abandoning module Paper2D (248)
[2019.06.07-01.34.20:876][383]LogModuleManager: Shutting down and abandoning module WindowsMoviePlayer (246)
[2019.06.07-01.34.20:881][383]LogModuleManager: Shutting down and abandoning module WebMMoviePlayer (244)
[2019.06.07-01.34.20:881][383]LogModuleManager: Shutting down and abandoning module WmfMedia (242)
[2019.06.07-01.34.20:904][383]LogModuleManager: Shutting down and abandoning module Media (241)
[2019.06.07-01.34.20:909][383]LogModuleManager: Shutting down and abandoning module PacketHandler (238)
[2019.06.07-01.34.20:909][383]LogModuleManager: Shutting down and abandoning module ClothingSystemEditor (236)
[2019.06.07-01.34.20:909][383]LogModuleManager: Shutting down and abandoning module ClothingSystemRuntime (234)
[2019.06.07-01.34.20:918][383]LogModuleManager: Shutting down and abandoning module MediaAssets (232)
[2019.06.07-01.34.20:918][383]LogModuleManager: Shutting down and abandoning module Overlay (230)
[2019.06.07-01.34.20:918][383]LogModuleManager: Shutting down and abandoning module OverlayEditor (229)
[2019.06.07-01.34.20:918][383]LogModuleManager: Shutting down and abandoning module VREditor (226)
[2019.06.07-01.34.20:934][383]LogModuleManager: Shutting down and abandoning module StringTableEditor (224)
[2019.06.07-01.34.20:943][383]LogModuleManager: Shutting down and abandoning module GameplayTasksEditor (222)
[2019.06.07-01.34.20:943][383]LogModuleManager: Shutting down and abandoning module BehaviorTreeEditor (220)
[2019.06.07-01.34.20:964][383]LogModuleManager: Shutting down and abandoning module FunctionalTesting (218)
[2019.06.07-01.34.20:967][383]LogModuleManager: Shutting down and abandoning module CollisionAnalyzer (216)
[2019.06.07-01.34.20:984][383]LogModuleManager: Shutting down and abandoning module WorkspaceMenuStructure (215)
[2019.06.07-01.34.20:984][383]LogModuleManager: Shutting down and abandoning module UMG (212)
[2019.06.07-01.34.20:991][383]LogModuleManager: Shutting down and abandoning module UMGEditor (211)
[2019.06.07-01.34.20:997][383]LogModuleManager: Shutting down and abandoning module Sequencer (210)
[2019.06.07-01.34.21:035][383]LogModuleManager: Shutting down and abandoning module MessageLog (207)
[2019.06.07-01.34.21:040][383]LogModuleManager: Shutting down and abandoning module SlateReflector (202)
[2019.06.07-01.34.21:073][383]LogModuleManager: Shutting down and abandoning module Slate (200)
[2019.06.07-01.34.21:073][383]LogModuleManager: Shutting down and abandoning module EditorStyle (198)
[2019.06.07-01.34.21:084][383]LogModuleManager: Shutting down and abandoning module MRMesh (196)
[2019.06.07-01.34.21:090][383]LogModuleManager: Shutting down and abandoning module SourceCodeAccess (194)
[2019.06.07-01.34.21:090][383]LogModuleManager: Shutting down and abandoning module HeadMountedDisplay (192)
[2019.06.07-01.34.21:090][383]LogModuleManager: Shutting down and abandoning module XAudio2 (190)
[2019.06.07-01.34.21:090][383]LogModuleManager: Shutting down and abandoning module Networking (188)
[2019.06.07-01.34.21:090][383]LogModuleManager: Shutting down and abandoning module Core (186)
[2019.06.07-01.34.21:090][383]LogModuleManager: Shutting down and abandoning module LevelSequence (184)
[2019.06.07-01.34.21:090][383]LogModuleManager: Shutting down and abandoning module KismetCompiler (182)
[2019.06.07-01.34.21:090][383]LogModuleManager: Shutting down and abandoning module MeshUtilities (180)
[2019.06.07-01.34.21:094][383]LogModuleManager: Shutting down and abandoning module MeshMergeUtilities (179)
[2019.06.07-01.34.21:103][383]LogModuleManager: Shutting down and abandoning module MeshReductionInterface (178)
[2019.06.07-01.34.21:103][383]LogModuleManager: Shutting down and abandoning module SimplygonSwarm (177)
[2019.06.07-01.34.21:105][383]LogModuleManager: Shutting down and abandoning module ProxyLODMeshReduction (175)
[2019.06.07-01.34.21:116][383]LogModuleManager: Shutting down and abandoning module SimplygonMeshReduction (173)
[2019.06.07-01.34.21:116][383]LogModuleManager: Shutting down and abandoning module QuadricMeshReduction (171)
[2019.06.07-01.34.21:121][383]LogModuleManager: Shutting down and abandoning module MaterialBaking (167)
[2019.06.07-01.34.21:127][383]LogModuleManager: Shutting down and abandoning module DirectoryWatcher (163)
[2019.06.07-01.34.21:127][383]LogModuleManager: Shutting down and abandoning module DerivedDataCache (160)
[2019.06.07-01.34.21:155][383]LogDerivedDataCache: Shutdown
[2019.06.07-01.34.21:155][383]LogModuleManager: Shutting down and abandoning module XGEController (158)
[2019.06.07-01.34.21:222][383]LogModuleManager: Shutting down and abandoning module TargetPlatform (156)
[2019.06.07-01.34.21:222][383]LogModuleManager: Shutting down and abandoning module VulkanShaderFormat (155)
[2019.06.07-01.34.21:230][383]LogModuleManager: Shutting down and abandoning module ShaderFormatVectorVM (153)
[2019.06.07-01.34.21:236][383]LogModuleManager: Shutting down and abandoning module ShaderFormatOpenGL (151)
[2019.06.07-01.34.21:241][383]LogModuleManager: Shutting down and abandoning module ShaderFormatD3D (149)
[2019.06.07-01.34.21:241][383]LogModuleManager: Shutting down and abandoning module MetalShaderFormat (147)
[2019.06.07-01.34.21:257][383]LogModuleManager: Shutting down and abandoning module TextureFormatUncompressed (145)
[2019.06.07-01.34.21:257][383]LogModuleManager: Shutting down and abandoning module TextureFormatPVR (143)
[2019.06.07-01.34.21:257][383]LogModuleManager: Shutting down and abandoning module TextureFormatDXT (141)
[2019.06.07-01.34.21:267][383]LogModuleManager: Shutting down and abandoning module TextureFormatIntelISPCTexComp (139)
[2019.06.07-01.34.21:271][383]LogModuleManager: Shutting down and abandoning module TextureFormatASTC (137)
[2019.06.07-01.34.21:271][383]LogModuleManager: Shutting down and abandoning module ImageWrapper (136)
[2019.06.07-01.34.21:271][383]LogModuleManager: Shutting down and abandoning module TextureFormatAndroid (133)
[2019.06.07-01.34.21:271][383]LogModuleManager: Shutting down and abandoning module AudioFormatOpus (131)
[2019.06.07-01.34.21:271][383]LogModuleManager: Shutting down and abandoning module AudioFormatOgg (129)
[2019.06.07-01.34.21:271][383]LogModuleManager: Shutting down and abandoning module AudioFormatADPCM (127)
[2019.06.07-01.34.21:271][383]LogModuleManager: Shutting down and abandoning module LuminTargetPlatform (125)
[2019.06.07-01.34.21:282][383]LogModuleManager: Shutting down and abandoning module LinuxTargetPlatform (123)
[2019.06.07-01.34.21:282][383]LogModuleManager: Shutting down and abandoning module LinuxServerTargetPlatform (121)
[2019.06.07-01.34.21:282][383]LogModuleManager: Shutting down and abandoning module LinuxNoEditorTargetPlatform (119)
[2019.06.07-01.34.21:282][383]LogModuleManager: Shutting down and abandoning module LinuxClientTargetPlatform (117)
[2019.06.07-01.34.21:282][383]LogModuleManager: Shutting down and abandoning module TVOSTargetPlatform (115)
[2019.06.07-01.34.21:288][383]LogModuleManager: Shutting down and abandoning module Messaging (113)
[2019.06.07-01.34.21:288][383]LogModuleManager: Shutting down and abandoning module IOSTargetPlatform (111)
[2019.06.07-01.34.21:288][383]LogModuleManager: Shutting down and abandoning module HTML5TargetPlatform (109)
[2019.06.07-01.34.21:288][383]LogModuleManager: Shutting down and abandoning module AndroidTargetPlatform (107)
[2019.06.07-01.34.21:295][383]LogModuleManager: Shutting down and abandoning module WindowsTargetPlatform (105)
[2019.06.07-01.34.21:295][383]LogModuleManager: Shutting down and abandoning module WindowsServerTargetPlatform (103)
[2019.06.07-01.34.21:295][383]LogModuleManager: Shutting down and abandoning module WindowsNoEditorTargetPlatform (101)
[2019.06.07-01.34.21:295][383]LogModuleManager: Shutting down and abandoning module WindowsClientTargetPlatform (99)
[2019.06.07-01.34.21:295][383]LogModuleManager: Shutting down and abandoning module MacTargetPlatform (97)
[2019.06.07-01.34.21:295][383]LogModuleManager: Shutting down and abandoning module MacServerTargetPlatform (95)
[2019.06.07-01.34.21:295][383]LogModuleManager: Shutting down and abandoning module MacNoEditorTargetPlatform (93)
[2019.06.07-01.34.21:295][383]LogModuleManager: Shutting down and abandoning module MacClientTargetPlatform (91)
[2019.06.07-01.34.21:295][383]LogModuleManager: Shutting down and abandoning module AllDesktopTargetPlatform (89)
[2019.06.07-01.34.21:295][383]LogModuleManager: Shutting down and abandoning module InputCore (86)
[2019.06.07-01.34.21:295][383]LogModuleManager: Shutting down and abandoning module Settings (84)
[2019.06.07-01.34.21:295][383]LogModuleManager: Shutting down and abandoning module PhysXCooking (82)
[2019.06.07-01.34.21:295][383]LogModuleManager: Shutting down and abandoning module SteamVR (80)
[2019.06.07-01.34.21:318][383]LogHMD: Freeing OpenVRDLLHandle.
[2019.06.07-01.34.21:318][383]LogModuleManager: Shutting down and abandoning module OculusHMD (78)
[2019.06.07-01.34.21:326][383]LogModuleManager: Shutting down and abandoning module ExampleDeviceProfileSelector (76)
[2019.06.07-01.34.21:326][383]LogModuleManager: Shutting down and abandoning module LauncherChunkInstaller (74)
[2019.06.07-01.34.21:326][383]LogModuleManager: Shutting down and abandoning module OnlineBlueprintSupport (72)
[2019.06.07-01.34.21:326][383]LogModuleManager: Shutting down and abandoning module OnlineSubsystem (68)
[2019.06.07-01.34.21:342][383]LogModuleManager: Shutting down and abandoning module XMPP (63)
[2019.06.07-01.34.21:353][383]LogModuleManager: Shutting down and abandoning module WebSockets (62)
[2019.06.07-01.34.21:433][383]LogModuleManager: Shutting down and abandoning module HTTP (59)
[2019.06.07-01.34.21:433][383]LogHttp: Display: Http module shutting down, but needs to wait on 1 outstanding Http requests:
[2019.06.07-01.34.21:433][383]LogHttp: Display: 	verb=[POST] url=[https://datarouter.ol.epicgames.com/datarouter/api/v1/public/data?SessionID=%7B0A5290BD-448D-C5CF-4021-E994B596315E%7D&AppID=UEEditor.Rocket.Release&AppVersion=4.21.2-4753647%2B%2B%2BUE4%2BRelease-4.21&UserID=f916c1ea44c94f1a7ff9fbadef54a544%7Cfff93af1461442418ac0a7e0d110ce3a%7C7903d2e3-b59c-48eb-bac7-f794ea08dfc2&AppEnvironment=datacollector-binary&UploadType=eteventstream] status=Processing
[2019.06.07-01.34.21:444][383]LogModuleManager: Shutting down and abandoning module SSL (58)
[2019.06.07-01.34.21:445][383]LogModuleManager: Shutting down and abandoning module MagicLeapIdentity (54)
[2019.06.07-01.34.21:445][383]LogModuleManager: Shutting down and abandoning module MagicLeapHelperVulkan (52)
[2019.06.07-01.34.21:445][383]LogModuleManager: Shutting down and abandoning module MagicLeapHelperOpenGL (50)
[2019.06.07-01.34.21:445][383]LogModuleManager: Shutting down and abandoning module MagicLeapSecureStorage (48)
[2019.06.07-01.34.21:445][383]LogModuleManager: Shutting down and abandoning module MagicLeapHandTracking (46)
[2019.06.07-01.34.21:445][383]LogModuleManager: Shutting down and abandoning module MagicLeapEyeTracker (44)
[2019.06.07-01.34.21:445][383]LogModuleManager: Shutting down and abandoning module MagicLeapController (42)
[2019.06.07-01.34.21:446][383]LogSlate: Slate User Destroyed.  User Index 0, Is Virtual User: 0
[2019.06.07-01.34.21:446][383]LogModuleManager: Shutting down and abandoning module MagicLeap (40)
[2019.06.07-01.34.21:458][383]LogModuleManager: Shutting down and abandoning module DatasmithContent (38)
[2019.06.07-01.34.21:459][383]LogModuleManager: Shutting down and abandoning module AnimationModifiers (36)
[2019.06.07-01.34.21:480][383]LogModuleManager: Shutting down and abandoning module PropertyEditor (35)
[2019.06.07-01.34.21:480][383]LogModuleManager: Shutting down and abandoning module AudioEditor (32)
[2019.06.07-01.34.21:487][383]LogModuleManager: Shutting down and abandoning module TextureCompressor (30)
[2019.06.07-01.34.21:497][383]LogModuleManager: Shutting down and abandoning module ShaderCore (28)
[2019.06.07-01.34.21:497][383]LogModuleManager: Shutting down and abandoning module Landscape (26)
[2019.06.07-01.34.21:497][383]LogModuleManager: Shutting down and abandoning module SlateRHIRenderer (24)
[2019.06.07-01.34.21:513][383]LogModuleManager: Shutting down and abandoning module OpenGLDrv (22)
[2019.06.07-01.34.21:524][383]LogModuleManager: Shutting down and abandoning module D3D11RHI (20)
[2019.06.07-01.34.21:524][383]LogModuleManager: Shutting down and abandoning module AnimGraphRuntime (18)
[2019.06.07-01.34.21:529][383]LogModuleManager: Shutting down and abandoning module Renderer (16)
[2019.06.07-01.34.21:529][383]LogModuleManager: Shutting down and abandoning module Engine (14)
[2019.06.07-01.34.21:529][383]LogModuleManager: Shutting down and abandoning module CoreUObject (12)
[2019.06.07-01.34.21:529][383]LogModuleManager: Shutting down and abandoning module NetworkFile (10)
[2019.06.07-01.34.21:539][383]LogModuleManager: Shutting down and abandoning module CookedIterativeFile (8)
[2019.06.07-01.34.21:539][383]LogModuleManager: Shutting down and abandoning module StreamingFile (6)
[2019.06.07-01.34.21:548][383]LogModuleManager: Shutting down and abandoning module SandboxFile (4)
[2019.06.07-01.34.21:548][383]LogModuleManager: Shutting down and abandoning module PakFile (2)
[2019.06.07-01.34.21:569][383]LogExit: Exiting.
[2019.06.07-01.34.21:575][383]Log file closed, 06/06/19 20:34:21
